{"logTime": "0809/132550", "correlationVector":"kx9wU4ATKzW6kM7qa6XX3q.2","action":"GetUpdates", "result":"DeleteReceived", "context":{"id":"2421a1df-cdd0-458c-95cc-e322a22180a6", "isDeleted:":"true", "version":"1690557724033"}}
{"logTime": "0809/132550", "correlationVector":"kx9wU4ATKzW6kM7qa6XX3q.3","action":"GetUpdates", "result":"DeleteReceived", "context":{"id":"4cb0b6d7-0a9b-4f2d-8f29-6aca00e46bf6", "isDeleted:":"true", "version":"1688477882747"}}
{"logTime": "0809/132550", "correlationVector":"kx9wU4ATKzW6kM7qa6XX3q.4","action":"GetUpdates", "result":"DeleteReceived", "context":{"id":"c3318753-ac32-49f6-bb8f-7dbd18379c6b", "isDeleted:":"true", "version":"1688477882749"}}
{"logTime": "0809/132550", "correlationVector":"kx9wU4ATKzW6kM7qa6XX3q.5","action":"GetUpdates", "result":"DeleteReceived", "context":{"id":"a3f0e1b4-81d0-4334-8ddd-6ac33967a57a", "isDeleted:":"true", "version":"1688477882750"}}
{"logTime": "0809/132550", "correlationVector":"kx9wU4ATKzW6kM7qa6XX3q.6","action":"GetUpdates", "result":"DeleteReceived", "context":{"id":"6ab03883-2773-4e97-91f0-9fed6d5e0bd9", "isDeleted:":"true", "version":"1688487034270"}}
{"logTime": "0809/132550", "correlationVector":"kx9wU4ATKzW6kM7qa6XX3q.7","action":"GetUpdates", "result":"DeleteReceived", "context":{"id":"4fb8af08-7d29-47a4-9aaa-ef35ddeab17e", "isDeleted:":"true", "version":"1688487034273"}}
{"logTime": "0809/132550", "correlationVector":"kx9wU4ATKzW6kM7qa6XX3q.8","action":"GetUpdates", "result":"DeleteReceived", "context":{"id":"e9001db2-b349-455a-9bb1-d4fca1cc3fcc", "isDeleted:":"true", "version":"1688487094627"}}
{"logTime": "0809/132550", "correlationVector":"kx9wU4ATKzW6kM7qa6XX3q.9","action":"GetUpdates", "result":"DeleteReceived", "context":{"id":"b5b076b9-0ea9-4b9a-adbc-049b11be5c1e", "isDeleted:":"true", "version":"1688487920507"}}
{"logTime": "0809/132550", "correlationVector":"kx9wU4ATKzW6kM7qa6XX3q.10","action":"GetUpdates", "result":"DeleteReceived", "context":{"id":"92bcc905-53e9-48a3-af45-c7b8f73a6f4e", "isDeleted:":"true", "version":"1688487920508"}}
{"logTime": "0809/132550", "correlationVector":"kx9wU4ATKzW6kM7qa6XX3q.11","action":"GetUpdates", "result":"DeleteReceived", "context":{"id":"81ecf38b-7a11-4eea-ad59-91e7157b417f", "isDeleted:":"true", "version":"1688487920509"}}
{"logTime": "0809/132550", "correlationVector":"kx9wU4ATKzW6kM7qa6XX3q.12","action":"GetUpdates", "result":"DeleteReceived", "context":{"id":"e928e33c-029c-45f8-88e1-712486d0d381", "isDeleted:":"true", "version":"1688487950875"}}
{"logTime": "0809/132550", "correlationVector":"kx9wU4ATKzW6kM7qa6XX3q.13","action":"GetUpdates", "result":"DeleteReceived", "context":{"id":"541c07cf-ea5b-4c78-bf4a-fbf317ac403f", "isDeleted:":"true", "version":"1688487950877"}}
{"logTime": "0809/132550", "correlationVector":"kx9wU4ATKzW6kM7qa6XX3q.14","action":"GetUpdates", "result":"DeleteReceived", "context":{"id":"54cccaa4-bc06-417c-a3c1-fe6f0c4e8e94", "isDeleted:":"true", "version":"1688557162681"}}
{"logTime": "0809/132550", "correlationVector":"kx9wU4ATKzW6kM7qa6XX3q.15","action":"GetUpdates", "result":"DeleteReceived", "context":{"id":"bcb8a5ed-528e-4f85-9474-e3d99b1dc7db", "isDeleted:":"true", "version":"1688557162682"}}
{"logTime": "0809/132550", "correlationVector":"kx9wU4ATKzW6kM7qa6XX3q.16","action":"GetUpdates", "result":"DeleteReceived", "context":{"id":"fe8595f0-db67-4e9e-bfb1-a313b90c8e57", "isDeleted:":"true", "version":"1688557162684"}}
{"logTime": "0809/132550", "correlationVector":"kx9wU4ATKzW6kM7qa6XX3q.17","action":"GetUpdates", "result":"DeleteReceived", "context":{"id":"309cf000-8b03-42ca-9ead-15d3774237aa", "isDeleted:":"true", "version":"1688559891648"}}
{"logTime": "0809/132550", "correlationVector":"kx9wU4ATKzW6kM7qa6XX3q.18","action":"GetUpdates", "result":"DeleteReceived", "context":{"id":"e18b45ff-243a-4a78-95d4-86fcf92415d1", "isDeleted:":"true", "version":"1688567955609"}}
{"logTime": "0809/132550", "correlationVector":"kx9wU4ATKzW6kM7qa6XX3q.19","action":"GetUpdates", "result":"DeleteReceived", "context":{"id":"6730362e-558d-4c96-89a3-8e3ab0be5318", "isDeleted:":"true", "version":"1688591118447"}}
{"logTime": "0809/132550", "correlationVector":"kx9wU4ATKzW6kM7qa6XX3q.20","action":"GetUpdates", "result":"DeleteReceived", "context":{"id":"16779afe-8723-4102-bdd6-37350d68351b", "isDeleted:":"true", "version":"1688591118448"}}
{"logTime": "0809/132550", "correlationVector":"kx9wU4ATKzW6kM7qa6XX3q.21","action":"GetUpdates", "result":"DeleteReceived", "context":{"id":"e1013947-e739-4eed-87cc-9ef136fbcbc3", "isDeleted:":"true", "version":"1688591118449"}}
{"logTime": "0809/132550", "correlationVector":"kx9wU4ATKzW6kM7qa6XX3q.22","action":"GetUpdates", "result":"DeleteReceived", "context":{"id":"593e1c90-13d4-4c9a-a1a2-ca17c70391ad", "isDeleted:":"true", "version":"1688591118450"}}
{"logTime": "0809/132550", "correlationVector":"kx9wU4ATKzW6kM7qa6XX3q.23","action":"GetUpdates", "result":"DeleteReceived", "context":{"id":"03eb252e-3b5f-4bc9-9ef5-ceb4b866ad26", "isDeleted:":"true", "version":"1688591118452"}}
{"logTime": "0809/132550", "correlationVector":"kx9wU4ATKzW6kM7qa6XX3q.24","action":"GetUpdates", "result":"DeleteReceived", "context":{"id":"62dc674b-2701-43d5-9c52-e133ab5a7469", "isDeleted:":"true", "version":"1688591118453"}}
{"logTime": "0809/132550", "correlationVector":"kx9wU4ATKzW6kM7qa6XX3q.25","action":"GetUpdates", "result":"DeleteReceived", "context":{"id":"84edf418-bf10-4cff-ae10-21fe778df1b7", "isDeleted:":"true", "version":"1688591118454"}}
{"logTime": "0809/132550", "correlationVector":"kx9wU4ATKzW6kM7qa6XX3q.26","action":"GetUpdates", "result":"DeleteReceived", "context":{"id":"06c8d7aa-8747-4a40-bc5f-c06cfba804fd", "isDeleted:":"true", "version":"1688591118455"}}
{"logTime": "0809/132550", "correlationVector":"kx9wU4ATKzW6kM7qa6XX3q.27","action":"GetUpdates", "result":"DeleteReceived", "context":{"id":"c7b4dc48-35a7-47ed-bd11-ebf861fd03d6", "isDeleted:":"true", "version":"1688592250485"}}
{"logTime": "0809/132550", "correlationVector":"kx9wU4ATKzW6kM7qa6XX3q.28","action":"GetUpdates", "result":"DeleteReceived", "context":{"id":"6fae6cb0-5611-48f1-9bed-dae10249aa54", "isDeleted:":"true", "version":"1688596747474"}}
{"logTime": "0809/132550", "correlationVector":"kx9wU4ATKzW6kM7qa6XX3q.29","action":"GetUpdates", "result":"DeleteReceived", "context":{"id":"6a7347f6-757a-498d-9149-eb193bf0b8ad", "isDeleted:":"true", "version":"1688596747476"}}
{"logTime": "0809/132550", "correlationVector":"kx9wU4ATKzW6kM7qa6XX3q.30","action":"GetUpdates", "result":"DeleteReceived", "context":{"id":"9c1afcc0-8e29-49ae-9fcf-4fa99beeed97", "isDeleted:":"true", "version":"1688596747477"}}
{"logTime": "0809/132550", "correlationVector":"kx9wU4ATKzW6kM7qa6XX3q.31","action":"GetUpdates", "result":"DeleteReceived", "context":{"id":"681e5c50-81fa-4516-b3d3-9e58c4b7d0a3", "isDeleted:":"true", "version":"1688603876593"}}
{"logTime": "0809/132550", "correlationVector":"kx9wU4ATKzW6kM7qa6XX3q.32","action":"GetUpdates", "result":"DeleteReceived", "context":{"id":"026c5253-3f5c-4c48-8fd9-0d6c76441804", "isDeleted:":"true", "version":"1688603876594"}}
{"logTime": "0809/132550", "correlationVector":"kx9wU4ATKzW6kM7qa6XX3q.33","action":"GetUpdates", "result":"DeleteReceived", "context":{"id":"0af08009-d5af-4aeb-9217-805991de5b8b", "isDeleted:":"true", "version":"1688674050835"}}
{"logTime": "0809/132550", "correlationVector":"kx9wU4ATKzW6kM7qa6XX3q.34","action":"GetUpdates", "result":"DeleteReceived", "context":{"id":"e2a877ec-8ddc-4e5e-95a1-16540250c108", "isDeleted:":"true", "version":"1688674050836"}}
{"logTime": "0809/132550", "correlationVector":"kx9wU4ATKzW6kM7qa6XX3q.35","action":"GetUpdates", "result":"DeleteReceived", "context":{"id":"43b16c34-800b-4ba2-9e7f-2af91ce3ca98", "isDeleted:":"true", "version":"1688674050837"}}
{"logTime": "0809/132550", "correlationVector":"kx9wU4ATKzW6kM7qa6XX3q.36","action":"GetUpdates", "result":"DeleteReceived", "context":{"id":"b6af5452-0b22-40f5-991c-68497ae2dfe7", "isDeleted:":"true", "version":"1688674050838"}}
{"logTime": "0809/132550", "correlationVector":"kx9wU4ATKzW6kM7qa6XX3q.37","action":"GetUpdates", "result":"DeleteReceived", "context":{"id":"73167510-c5a1-4e72-8695-5ce931f74411", "isDeleted:":"true", "version":"1688674050839"}}
{"logTime": "0809/132550", "correlationVector":"kx9wU4ATKzW6kM7qa6XX3q.38","action":"GetUpdates", "result":"DeleteReceived", "context":{"id":"9f783b2c-84d4-48b6-aa55-06ff278a3534", "isDeleted:":"true", "version":"1688674050840"}}
{"logTime": "0809/132550", "correlationVector":"kx9wU4ATKzW6kM7qa6XX3q.39","action":"GetUpdates", "result":"DeleteReceived", "context":{"id":"72f9f306-0957-40a6-8665-b94837a6a255", "isDeleted:":"true", "version":"1688674050842"}}
{"logTime": "0809/132550", "correlationVector":"kx9wU4ATKzW6kM7qa6XX3q.40","action":"GetUpdates", "result":"DeleteReceived", "context":{"id":"df7c496a-d946-4360-8323-da34fff2c309", "isDeleted:":"true", "version":"1688674050843"}}
{"logTime": "0809/132550", "correlationVector":"kx9wU4ATKzW6kM7qa6XX3q.41","action":"GetUpdates", "result":"DeleteReceived", "context":{"id":"47215f8f-2d95-472e-8066-f10144ef10a6", "isDeleted:":"true", "version":"1688675158009"}}
{"logTime": "0809/132550", "correlationVector":"kx9wU4ATKzW6kM7qa6XX3q.42","action":"GetUpdates", "result":"DeleteReceived", "context":{"id":"e9ad504d-7eee-43b9-9bb3-759db05111e9", "isDeleted:":"true", "version":"1688678228530"}}
{"logTime": "0809/132550", "correlationVector":"kx9wU4ATKzW6kM7qa6XX3q.43","action":"GetUpdates", "result":"DeleteReceived", "context":{"id":"86617d06-6fd8-4001-98b5-497429a7f6aa", "isDeleted:":"true", "version":"1688686730499"}}
{"logTime": "0809/132550", "correlationVector":"kx9wU4ATKzW6kM7qa6XX3q.44","action":"GetUpdates", "result":"DeleteReceived", "context":{"id":"fc9e0033-4508-4ac1-8a5e-74798dcceea1", "isDeleted:":"true", "version":"1688686730500"}}
{"logTime": "0809/132550", "correlationVector":"kx9wU4ATKzW6kM7qa6XX3q.45","action":"GetUpdates", "result":"DeleteReceived", "context":{"id":"8b8b7ffb-69a2-4de1-9f4e-fc1923388146", "isDeleted:":"true", "version":"1688686730501"}}
{"logTime": "0809/132550", "correlationVector":"kx9wU4ATKzW6kM7qa6XX3q.46","action":"GetUpdates", "result":"DeleteReceived", "context":{"id":"1269536c-52ca-497a-9cdb-1ef618e3a5a5", "isDeleted:":"true", "version":"1688691850029"}}
{"logTime": "0809/132550", "correlationVector":"kx9wU4ATKzW6kM7qa6XX3q.47","action":"GetUpdates", "result":"DeleteReceived", "context":{"id":"4f74f325-a40a-45c6-98bb-90f681644157", "isDeleted:":"true", "version":"1688695790126"}}
{"logTime": "0809/132550", "correlationVector":"kx9wU4ATKzW6kM7qa6XX3q.48","action":"GetUpdates", "result":"DeleteReceived", "context":{"id":"10125fc5-69a9-4b55-bf9b-1ea4409a3931", "isDeleted:":"true", "version":"1688695790127"}}
{"logTime": "0809/132550", "correlationVector":"kx9wU4ATKzW6kM7qa6XX3q.49","action":"GetUpdates", "result":"DeleteReceived", "context":{"id":"a8b5d3e4-5615-47a6-92bf-9ff06281c813", "isDeleted:":"true", "version":"1688696834107"}}
{"logTime": "0809/132550", "correlationVector":"kx9wU4ATKzW6kM7qa6XX3q.50","action":"GetUpdates", "result":"DeleteReceived", "context":{"id":"6396d5e9-8706-46b3-a39a-8bcdfc3735d6", "isDeleted:":"true", "version":"1688696834108"}}
{"logTime": "0809/132550", "correlationVector":"kx9wU4ATKzW6kM7qa6XX3q.51","action":"GetUpdates", "result":"DeleteReceived", "context":{"id":"d49d5f03-7bfb-4843-b011-729facc8ca47", "isDeleted:":"true", "version":"1688699951484"}}
{"logTime": "0809/132550", "correlationVector":"kx9wU4ATKzW6kM7qa6XX3q.52","action":"GetUpdates", "result":"DeleteReceived", "context":{"id":"4e7abc9f-0e85-4500-b4bd-2564efe564a9", "isDeleted:":"true", "version":"1688699951485"}}
{"logTime": "0809/132550", "correlationVector":"kx9wU4ATKzW6kM7qa6XX3q.53","action":"GetUpdates", "result":"DeleteReceived", "context":{"id":"35be59e9-2dc9-44f3-b9fd-479a3bf063d8", "isDeleted:":"true", "version":"1688699951486"}}
{"logTime": "0809/132550", "correlationVector":"kx9wU4ATKzW6kM7qa6XX3q.54","action":"GetUpdates", "result":"DeleteReceived", "context":{"id":"8851c547-79cd-4c86-843a-8d4bdc3a7a1e", "isDeleted:":"true", "version":"1688705069981"}}
{"logTime": "0809/132550", "correlationVector":"kx9wU4ATKzW6kM7qa6XX3q.55","action":"GetUpdates", "result":"DeleteReceived", "context":{"id":"9032b4e3-f602-414c-8509-6f85ce882dab", "isDeleted:":"true", "version":"1688939676790"}}
{"logTime": "0809/132550", "correlationVector":"kx9wU4ATKzW6kM7qa6XX3q.56","action":"GetUpdates", "result":"DeleteReceived", "context":{"id":"c7498cf8-832d-48d1-be90-92c60d0537d8", "isDeleted:":"true", "version":"1688943133544"}}
{"logTime": "0809/132550", "correlationVector":"kx9wU4ATKzW6kM7qa6XX3q.57","action":"GetUpdates", "result":"DeleteReceived", "context":{"id":"249528d2-50a6-4866-9b69-77a4b4496ff4", "isDeleted:":"true", "version":"1688943133545"}}
{"logTime": "0809/132550", "correlationVector":"kx9wU4ATKzW6kM7qa6XX3q.58","action":"GetUpdates", "result":"DeleteReceived", "context":{"id":"5a85290a-963a-460f-b680-636ee52e492d", "isDeleted:":"true", "version":"1688963352646"}}
{"logTime": "0809/132550", "correlationVector":"kx9wU4ATKzW6kM7qa6XX3q.59","action":"GetUpdates", "result":"DeleteReceived", "context":{"id":"ef9d67d3-3cbd-4038-8325-ea966f3f907d", "isDeleted:":"true", "version":"1688963352647"}}
{"logTime": "0809/132550", "correlationVector":"kx9wU4ATKzW6kM7qa6XX3q.60","action":"GetUpdates", "result":"DeleteReceived", "context":{"id":"11ca3555-5fd5-4042-84ab-d6c0b29690a1", "isDeleted:":"true", "version":"1688963352648"}}
{"logTime": "0809/132550", "correlationVector":"kx9wU4ATKzW6kM7qa6XX3q.61","action":"GetUpdates", "result":"DeleteReceived", "context":{"id":"5aeefe48-fec8-48c7-ab38-9a9940489698", "isDeleted:":"true", "version":"1688963352649"}}
{"logTime": "0809/132550", "correlationVector":"kx9wU4ATKzW6kM7qa6XX3q.62","action":"GetUpdates", "result":"DeleteReceived", "context":{"id":"a82b8db1-70d1-4e9d-9abe-3177a41f4e11", "isDeleted:":"true", "version":"1688992540371"}}
{"logTime": "0809/132550", "correlationVector":"kx9wU4ATKzW6kM7qa6XX3q.63","action":"GetUpdates", "result":"DeleteReceived", "context":{"id":"ab7c361e-e7b8-4225-b881-b227d524ddd4", "isDeleted:":"true", "version":"1688992540373"}}
{"logTime": "0809/132550", "correlationVector":"kx9wU4ATKzW6kM7qa6XX3q.64","action":"GetUpdates", "result":"DeleteReceived", "context":{"id":"e89045d8-b24b-424b-8e32-79dee7be051b", "isDeleted:":"true", "version":"1688992540374"}}
{"logTime": "0809/132550", "correlationVector":"kx9wU4ATKzW6kM7qa6XX3q.65","action":"GetUpdates", "result":"DeleteReceived", "context":{"id":"fb593232-a13a-4a44-b95f-ffaa9b14b082", "isDeleted:":"true", "version":"1689128963197"}}
{"logTime": "0809/132550", "correlationVector":"kx9wU4ATKzW6kM7qa6XX3q.66","action":"GetUpdates", "result":"DeleteReceived", "context":{"id":"76554754-f815-4385-9193-1c5988ef3aae", "isDeleted:":"true", "version":"1689128963198"}}
{"logTime": "0809/132550", "correlationVector":"kx9wU4ATKzW6kM7qa6XX3q.67","action":"GetUpdates", "result":"DeleteReceived", "context":{"id":"d9093020-9682-49f0-935d-c6d794aa89b8", "isDeleted:":"true", "version":"1689179604496"}}
{"logTime": "0809/132550", "correlationVector":"kx9wU4ATKzW6kM7qa6XX3q.68","action":"GetUpdates", "result":"DeleteReceived", "context":{"id":"9a1da365-445f-43a7-9a80-d05c60ec6b52", "isDeleted:":"true", "version":"1689185649016"}}
{"logTime": "0809/132550", "correlationVector":"kx9wU4ATKzW6kM7qa6XX3q.69","action":"GetUpdates", "result":"DeleteReceived", "context":{"id":"09c4270f-39b9-4193-9fd6-512b14603d68", "isDeleted:":"true", "version":"1689209193115"}}
{"logTime": "0809/132550", "correlationVector":"kx9wU4ATKzW6kM7qa6XX3q.70","action":"GetUpdates", "result":"DeleteReceived", "context":{"id":"d7928b94-82f2-4922-ae90-dea1b360f94c", "isDeleted:":"true", "version":"1689209193117"}}
{"logTime": "0809/132550", "correlationVector":"kx9wU4ATKzW6kM7qa6XX3q.71","action":"GetUpdates", "result":"DeleteReceived", "context":{"id":"c880feb9-ae2b-4b4c-ba3b-86477dafe5c9", "isDeleted:":"true", "version":"1689209193118"}}
{"logTime": "0809/132550", "correlationVector":"kx9wU4ATKzW6kM7qa6XX3q.72","action":"GetUpdates", "result":"DeleteReceived", "context":{"id":"9292a2f6-298f-479c-ab52-a33796a56e8c", "isDeleted:":"true", "version":"1689211023151"}}
{"logTime": "0809/132550", "correlationVector":"kx9wU4ATKzW6kM7qa6XX3q.73","action":"GetUpdates", "result":"DeleteReceived", "context":{"id":"8551c77a-686f-40db-bd7d-2a9965fdc958", "isDeleted:":"true", "version":"1689211023153"}}
{"logTime": "0809/132550", "correlationVector":"kx9wU4ATKzW6kM7qa6XX3q.74","action":"GetUpdates", "result":"DeleteReceived", "context":{"id":"32fd39fa-20a1-404a-a66c-f5e02ed5136a", "isDeleted:":"true", "version":"1689211023154"}}
{"logTime": "0809/132550", "correlationVector":"kx9wU4ATKzW6kM7qa6XX3q.75","action":"GetUpdates", "result":"DeleteReceived", "context":{"id":"d391519c-6fbd-4ab8-9235-d4c73bf37f69", "isDeleted:":"true", "version":"1689247533946"}}
{"logTime": "0809/132550", "correlationVector":"kx9wU4ATKzW6kM7qa6XX3q.76","action":"GetUpdates", "result":"DeleteReceived", "context":{"id":"598db0f1-96ee-4877-923a-c4225fc8f47c", "isDeleted:":"true", "version":"1689247533949"}}
{"logTime": "0809/132550", "correlationVector":"kx9wU4ATKzW6kM7qa6XX3q.77","action":"GetUpdates", "result":"DeleteReceived", "context":{"id":"b6ef4b93-d4f7-48ca-8d2a-1daa9854a657", "isDeleted:":"true", "version":"1689248569805"}}
{"logTime": "0809/132550", "correlationVector":"kx9wU4ATKzW6kM7qa6XX3q.78","action":"GetUpdates", "result":"DeleteReceived", "context":{"id":"3e52598e-98df-4396-82df-a9084f0af60b", "isDeleted:":"true", "version":"1689248569807"}}
{"logTime": "0809/132550", "correlationVector":"kx9wU4ATKzW6kM7qa6XX3q.79","action":"GetUpdates", "result":"DeleteReceived", "context":{"id":"a003bff2-d1e3-4c5b-b4ca-a1841e390b48", "isDeleted:":"true", "version":"1689261061497"}}
{"logTime": "0809/132550", "correlationVector":"kx9wU4ATKzW6kM7qa6XX3q.80","action":"GetUpdates", "result":"DeleteReceived", "context":{"id":"b4f5ded1-4f9e-4eff-b6fb-29c5fc2681f9", "isDeleted:":"true", "version":"1689268556925"}}
{"logTime": "0809/132550", "correlationVector":"kx9wU4ATKzW6kM7qa6XX3q.81","action":"GetUpdates", "result":"DeleteReceived", "context":{"id":"1aa5ec00-4c61-42b0-a5c1-49c1f0f98695", "isDeleted:":"true", "version":"1689274137729"}}
{"logTime": "0809/132550", "correlationVector":"kx9wU4ATKzW6kM7qa6XX3q.82","action":"GetUpdates", "result":"DeleteReceived", "context":{"id":"48571d8d-bef4-4c1b-be2a-5f02485c8b3d", "isDeleted:":"true", "version":"1689274137731"}}
{"logTime": "0809/132550", "correlationVector":"kx9wU4ATKzW6kM7qa6XX3q.83","action":"GetUpdates", "result":"DeleteReceived", "context":{"id":"c492fb89-4e67-4345-83cd-3d41323af64f", "isDeleted:":"true", "version":"1689274137732"}}
{"logTime": "0809/132550", "correlationVector":"kx9wU4ATKzW6kM7qa6XX3q.84","action":"GetUpdates", "result":"DeleteReceived", "context":{"id":"127f7b13-ecad-412a-aefa-2fef262f6ec5", "isDeleted:":"true", "version":"1689275778794"}}
{"logTime": "0809/132550", "correlationVector":"kx9wU4ATKzW6kM7qa6XX3q.85","action":"GetUpdates", "result":"DeleteReceived", "context":{"id":"d3726143-05b9-48d2-acf3-282b556b7370", "isDeleted:":"true", "version":"1689279552751"}}
{"logTime": "0809/132550", "correlationVector":"kx9wU4ATKzW6kM7qa6XX3q.86","action":"GetUpdates", "result":"DeleteReceived", "context":{"id":"1a51a037-cefb-4e08-9e4a-aa2bafae1a41", "isDeleted:":"true", "version":"1689282769663"}}
{"logTime": "0809/132550", "correlationVector":"kx9wU4ATKzW6kM7qa6XX3q.87","action":"GetUpdates", "result":"DeleteReceived", "context":{"id":"8366b8c0-dc41-46a4-95b8-823dddbed0fc", "isDeleted:":"true", "version":"1689282769665"}}
{"logTime": "0809/132550", "correlationVector":"kx9wU4ATKzW6kM7qa6XX3q.88","action":"GetUpdates", "result":"DeleteReceived", "context":{"id":"16f0f843-dad6-4289-b222-09f8aac87534", "isDeleted:":"true", "version":"1689282769666"}}
{"logTime": "0809/132550", "correlationVector":"kx9wU4ATKzW6kM7qa6XX3q.89","action":"GetUpdates", "result":"DeleteReceived", "context":{"id":"892a5392-88ba-4553-82ca-957b6f18bb32", "isDeleted:":"true", "version":"1689282769668"}}
{"logTime": "0809/132550", "correlationVector":"kx9wU4ATKzW6kM7qa6XX3q.90","action":"GetUpdates", "result":"DeleteReceived", "context":{"id":"a15c2403-34fa-4387-b3b6-8a0f526cc89d", "isDeleted:":"true", "version":"1689282800277"}}
{"logTime": "0809/132550", "correlationVector":"kx9wU4ATKzW6kM7qa6XX3q.91","action":"GetUpdates", "result":"DeleteReceived", "context":{"id":"23882d19-dd6c-43a3-a152-3923f02fd9de", "isDeleted:":"true", "version":"1689296594710"}}
{"logTime": "0809/132550", "correlationVector":"kx9wU4ATKzW6kM7qa6XX3q.92","action":"GetUpdates", "result":"DeleteReceived", "context":{"id":"43c9e929-b994-4860-a193-47eaee84b549", "isDeleted:":"true", "version":"1689296594712"}}
{"logTime": "0809/132550", "correlationVector":"kx9wU4ATKzW6kM7qa6XX3q.93","action":"GetUpdates", "result":"DeleteReceived", "context":{"id":"c885fb98-2d40-48b9-b4cc-6253dcbd0ae9", "isDeleted:":"true", "version":"1689296594713"}}
{"logTime": "0809/132550", "correlationVector":"kx9wU4ATKzW6kM7qa6XX3q.94","action":"GetUpdates", "result":"DeleteReceived", "context":{"id":"7e0964f5-7fb4-4d2c-8201-c5618b72daaa", "isDeleted:":"true", "version":"1689296594714"}}
{"logTime": "0809/132550", "correlationVector":"kx9wU4ATKzW6kM7qa6XX3q.95","action":"GetUpdates", "result":"DeleteReceived", "context":{"id":"1e8a6b74-0c1d-463c-b3c8-5719adb22c80", "isDeleted:":"true", "version":"1689360279077"}}
{"logTime": "0809/132550", "correlationVector":"kx9wU4ATKzW6kM7qa6XX3q.96","action":"GetUpdates", "result":"DeleteReceived", "context":{"id":"346cbf31-c4d5-4ae4-bb32-69e8a3486b93", "isDeleted:":"true", "version":"1689360279078"}}
{"logTime": "0809/132550", "correlationVector":"kx9wU4ATKzW6kM7qa6XX3q.97","action":"GetUpdates", "result":"DeleteReceived", "context":{"id":"beed4e8e-c270-4552-8486-814669c1a77f", "isDeleted:":"true", "version":"1689360279080"}}
{"logTime": "0809/132550", "correlationVector":"kx9wU4ATKzW6kM7qa6XX3q.98","action":"GetUpdates", "result":"DeleteReceived", "context":{"id":"e1e695d5-42e7-49f9-bdef-f9d77ca11335", "isDeleted:":"true", "version":"1689360279081"}}
{"logTime": "0809/132550", "correlationVector":"kx9wU4ATKzW6kM7qa6XX3q.99","action":"GetUpdates", "result":"DeleteReceived", "context":{"id":"df8f1054-d317-4646-9fdf-0ed9ab0efbd1", "isDeleted:":"true", "version":"1689360279082"}}
{"logTime": "0809/132550", "correlationVector":"kx9wU4ATKzW6kM7qa6XX3q.100","action":"GetUpdates", "result":"DeleteReceived", "context":{"id":"4156570f-5cd4-448c-86fc-c5056284512a", "isDeleted:":"true", "version":"1689360279083"}}
{"logTime": "0809/132550", "correlationVector":"kx9wU4ATKzW6kM7qa6XX3q.101","action":"GetUpdates", "result":"DeleteReceived", "context":{"id":"49790c4b-2f58-4b2f-b042-2388c6188d79", "isDeleted:":"true", "version":"1689360476052"}}
{"logTime": "0809/132550", "correlationVector":"kx9wU4ATKzW6kM7qa6XX3q.102","action":"GetUpdates", "result":"DeleteReceived", "context":{"id":"8920903f-7c6b-4034-bc54-ef4a49b1a1d3", "isDeleted:":"true", "version":"1689474933101"}}
{"logTime": "0809/132550", "correlationVector":"kx9wU4ATKzW6kM7qa6XX3q.103","action":"GetUpdates", "result":"DeleteReceived", "context":{"id":"dfd76812-3a63-465c-ae9b-e498b236184f", "isDeleted:":"true", "version":"1689474933102"}}
{"logTime": "0809/132550", "correlationVector":"kx9wU4ATKzW6kM7qa6XX3q.104","action":"GetUpdates", "result":"DeleteReceived", "context":{"id":"0d2cc919-f68f-4124-8872-9a1ed74acfa5", "isDeleted:":"true", "version":"1689474933104"}}
{"logTime": "0809/132550", "correlationVector":"kx9wU4ATKzW6kM7qa6XX3q.105","action":"GetUpdates", "result":"DeleteReceived", "context":{"id":"a69aca04-acb2-4a33-8c25-266f008ee2de", "isDeleted:":"true", "version":"1689474933105"}}
{"logTime": "0809/132550", "correlationVector":"kx9wU4ATKzW6kM7qa6XX3q.106","action":"GetUpdates", "result":"DeleteReceived", "context":{"id":"d7af9ef3-c5f3-456d-9730-54418caa0415", "isDeleted:":"true", "version":"1689474933106"}}
{"logTime": "0809/132550", "correlationVector":"kx9wU4ATKzW6kM7qa6XX3q.107","action":"GetUpdates", "result":"DeleteReceived", "context":{"id":"3a6cf3f3-26ea-4662-aca2-272b40bf8572", "isDeleted:":"true", "version":"1689513417214"}}
{"logTime": "0809/132550", "correlationVector":"kx9wU4ATKzW6kM7qa6XX3q.108","action":"GetUpdates", "result":"DeleteReceived", "context":{"id":"747836bd-0f44-4826-b5a7-671627c3d5cf", "isDeleted:":"true", "version":"1689606681483"}}
{"logTime": "0809/132550", "correlationVector":"kx9wU4ATKzW6kM7qa6XX3q.109","action":"GetUpdates", "result":"DeleteReceived", "context":{"id":"3677b3bd-89fe-4845-b4c9-d1c6314d54c5", "isDeleted:":"true", "version":"1689606681485"}}
{"logTime": "0809/132550", "correlationVector":"kx9wU4ATKzW6kM7qa6XX3q.110","action":"GetUpdates", "result":"DeleteReceived", "context":{"id":"44556f73-4458-4646-ade5-9331dee59017", "isDeleted:":"true", "version":"1689688874268"}}
{"logTime": "0809/132550", "correlationVector":"kx9wU4ATKzW6kM7qa6XX3q.111","action":"GetUpdates", "result":"DeleteReceived", "context":{"id":"d53838aa-3cbe-426c-bc93-7af9c5f0fee1", "isDeleted:":"true", "version":"1689780918501"}}
{"logTime": "0809/132550", "correlationVector":"kx9wU4ATKzW6kM7qa6XX3q.112","action":"GetUpdates", "result":"DeleteReceived", "context":{"id":"6e80784a-238b-48c9-9c07-46c4432cf7f7", "isDeleted:":"true", "version":"1689780918502"}}
{"logTime": "0809/132550", "correlationVector":"kx9wU4ATKzW6kM7qa6XX3q.113","action":"GetUpdates", "result":"DeleteReceived", "context":{"id":"825ef969-9545-480b-b0a8-736bd8d7ed6d", "isDeleted:":"true", "version":"1689799378615"}}
{"logTime": "0809/132550", "correlationVector":"kx9wU4ATKzW6kM7qa6XX3q.114","action":"GetUpdates", "result":"DeleteReceived", "context":{"id":"3ca8d21c-fb5f-4b20-a98d-6ab6ab4149d6", "isDeleted:":"true", "version":"1689800022334"}}
{"logTime": "0809/132550", "correlationVector":"kx9wU4ATKzW6kM7qa6XX3q.115","action":"GetUpdates", "result":"DeleteReceived", "context":{"id":"707b611e-fc87-4a14-b35a-8e2cd90235a8", "isDeleted:":"true", "version":"1689815099805"}}
{"logTime": "0809/132550", "correlationVector":"kx9wU4ATKzW6kM7qa6XX3q.116","action":"GetUpdates", "result":"DeleteReceived", "context":{"id":"3009abe8-fa48-4f2b-a235-43ea38642f00", "isDeleted:":"true", "version":"1689815982424"}}
{"logTime": "0809/132550", "correlationVector":"kx9wU4ATKzW6kM7qa6XX3q.117","action":"GetUpdates", "result":"DeleteReceived", "context":{"id":"87e67623-8163-42e9-8b86-5a8e8100b99f", "isDeleted:":"true", "version":"1689815982426"}}
{"logTime": "0809/132550", "correlationVector":"kx9wU4ATKzW6kM7qa6XX3q.118","action":"GetUpdates", "result":"DeleteReceived", "context":{"id":"2cfac538-9eaf-4086-b62b-589da4b897bf", "isDeleted:":"true", "version":"1689817217039"}}
{"logTime": "0809/132550", "correlationVector":"kx9wU4ATKzW6kM7qa6XX3q.119","action":"GetUpdates", "result":"DeleteReceived", "context":{"id":"4b622e5e-48b2-4296-a7e1-a3a4c354635a", "isDeleted:":"true", "version":"1689817217041"}}
{"logTime": "0809/132550", "correlationVector":"kx9wU4ATKzW6kM7qa6XX3q.120","action":"GetUpdates", "result":"DeleteReceived", "context":{"id":"ec8c513d-3972-42ee-ac2f-0503aaa651d5", "isDeleted:":"true", "version":"1689817217043"}}
{"logTime": "0809/132550", "correlationVector":"kx9wU4ATKzW6kM7qa6XX3q.121","action":"GetUpdates", "result":"DeleteReceived", "context":{"id":"22e8b7a5-f2dc-4167-9eea-89e53fc896ec", "isDeleted:":"true", "version":"1689817217044"}}
{"logTime": "0809/132550", "correlationVector":"kx9wU4ATKzW6kM7qa6XX3q.122","action":"GetUpdates", "result":"DeleteReceived", "context":{"id":"766aafc3-0996-424d-8a09-353fb109ff34", "isDeleted:":"true", "version":"1689817217045"}}
{"logTime": "0809/132550", "correlationVector":"kx9wU4ATKzW6kM7qa6XX3q.123","action":"GetUpdates", "result":"DeleteReceived", "context":{"id":"ca025cfe-8c44-4d00-8343-8282d78d4d96", "isDeleted:":"true", "version":"1689817251301"}}
{"logTime": "0809/132550", "correlationVector":"kx9wU4ATKzW6kM7qa6XX3q.124","action":"GetUpdates", "result":"DeleteReceived", "context":{"id":"5fe949a3-6f00-4148-a2d6-025c9cfa8539", "isDeleted:":"true", "version":"1689817281673"}}
{"logTime": "0809/132550", "correlationVector":"kx9wU4ATKzW6kM7qa6XX3q.125","action":"GetUpdates", "result":"DeleteReceived", "context":{"id":"ffc19b1e-e3c5-4740-871e-0e1978e0d9e5", "isDeleted:":"true", "version":"1689879277579"}}
{"logTime": "0809/132550", "correlationVector":"kx9wU4ATKzW6kM7qa6XX3q.126","action":"GetUpdates", "result":"DeleteReceived", "context":{"id":"b75f45e8-4227-483b-99e6-7235786a2ec4", "isDeleted:":"true", "version":"1689879277580"}}
{"logTime": "0809/132550", "correlationVector":"kx9wU4ATKzW6kM7qa6XX3q.127","action":"GetUpdates", "result":"DeleteReceived", "context":{"id":"7d1b6183-ad34-4d7a-af94-c8b198be175a", "isDeleted:":"true", "version":"1689879277581"}}
{"logTime": "0809/132550", "correlationVector":"kx9wU4ATKzW6kM7qa6XX3q.128","action":"GetUpdates", "result":"DeleteReceived", "context":{"id":"f8f288ec-b7ff-4df9-ba60-f827b52827e6", "isDeleted:":"true", "version":"1689879277582"}}
{"logTime": "0809/132550", "correlationVector":"kx9wU4ATKzW6kM7qa6XX3q.129","action":"GetUpdates", "result":"DeleteReceived", "context":{"id":"466df020-640e-4667-a2f7-2aeaeeb6d176", "isDeleted:":"true", "version":"1689879277583"}}
{"logTime": "0809/132550", "correlationVector":"kx9wU4ATKzW6kM7qa6XX3q.130","action":"GetUpdates", "result":"DeleteReceived", "context":{"id":"2ed6d452-d984-49f9-be19-2e8da11fb580", "isDeleted:":"true", "version":"1689897616867"}}
{"logTime": "0809/132550", "correlationVector":"kx9wU4ATKzW6kM7qa6XX3q.131","action":"GetUpdates", "result":"DeleteReceived", "context":{"id":"6961d21d-9dfa-481d-9f7f-bcd3a09cf6f6", "isDeleted:":"true", "version":"1689902734250"}}
{"logTime": "0809/132550", "correlationVector":"kx9wU4ATKzW6kM7qa6XX3q.132","action":"GetUpdates", "result":"DeleteReceived", "context":{"id":"75810092-3080-45af-a370-0dba2ed8978e", "isDeleted:":"true", "version":"1689902734252"}}
{"logTime": "0809/132550", "correlationVector":"kx9wU4ATKzW6kM7qa6XX3q.133","action":"GetUpdates", "result":"DeleteReceived", "context":{"id":"cae77b0e-7370-4e0e-b637-21ae4d39d2d1", "isDeleted:":"true", "version":"1689902734253"}}
{"logTime": "0809/132550", "correlationVector":"kx9wU4ATKzW6kM7qa6XX3q.134","action":"GetUpdates", "result":"DeleteReceived", "context":{"id":"9cf4cbc0-ccd9-4ace-93d7-47f239933b1a", "isDeleted:":"true", "version":"1689902734254"}}
{"logTime": "0809/132550", "correlationVector":"kx9wU4ATKzW6kM7qa6XX3q.135","action":"GetUpdates", "result":"DeleteReceived", "context":{"id":"c438b7ce-b591-41fd-a7fd-edcb16bbb7a3", "isDeleted:":"true", "version":"1689902734255"}}
{"logTime": "0809/132550", "correlationVector":"kx9wU4ATKzW6kM7qa6XX3q.136","action":"GetUpdates", "result":"DeleteReceived", "context":{"id":"e1080f97-2672-4008-bb02-3b9c8d22a0c7", "isDeleted:":"true", "version":"1689902734257"}}
{"logTime": "0809/132550", "correlationVector":"kx9wU4ATKzW6kM7qa6XX3q.137","action":"GetUpdates", "result":"DeleteReceived", "context":{"id":"a86c46ae-4915-4fcb-a73d-c9dee1dc3120", "isDeleted:":"true", "version":"1689902734258"}}
{"logTime": "0809/132550", "correlationVector":"kx9wU4ATKzW6kM7qa6XX3q.138","action":"GetUpdates", "result":"DeleteReceived", "context":{"id":"1471cb92-c046-4d9b-835a-8f77c9d290a6", "isDeleted:":"true", "version":"1689902734259"}}
{"logTime": "0809/132550", "correlationVector":"kx9wU4ATKzW6kM7qa6XX3q.139","action":"GetUpdates", "result":"DeleteReceived", "context":{"id":"25d0b008-33dc-4e62-95e6-d7a437a57cbd", "isDeleted:":"true", "version":"1689902734260"}}
{"logTime": "0809/132550", "correlationVector":"kx9wU4ATKzW6kM7qa6XX3q.140","action":"GetUpdates", "result":"DeleteReceived", "context":{"id":"940d3bea-015d-4aad-936e-f27d43f3f00d", "isDeleted:":"true", "version":"1689902765203"}}
{"logTime": "0809/132550", "correlationVector":"kx9wU4ATKzW6kM7qa6XX3q.141","action":"GetUpdates", "result":"DeleteReceived", "context":{"id":"697463fb-b1c4-4299-a27e-b4b357f89858", "isDeleted:":"true", "version":"1689902968957"}}
{"logTime": "0809/132550", "correlationVector":"kx9wU4ATKzW6kM7qa6XX3q.142","action":"GetUpdates", "result":"DeleteReceived", "context":{"id":"32c4d282-3a2b-473b-b9eb-6b54fc8ee4ab", "isDeleted:":"true", "version":"1689974992788"}}
{"logTime": "0809/132550", "correlationVector":"kx9wU4ATKzW6kM7qa6XX3q.143","action":"GetUpdates", "result":"DeleteReceived", "context":{"id":"117649e7-a6b7-418b-8cb5-0fb3aef2ad06", "isDeleted:":"true", "version":"1689974992789"}}
{"logTime": "0809/132550", "correlationVector":"kx9wU4ATKzW6kM7qa6XX3q.144","action":"GetUpdates", "result":"DeleteReceived", "context":{"id":"64e2445e-1e19-474f-9f00-1e0d726124a0", "isDeleted:":"true", "version":"1689974992790"}}
{"logTime": "0809/132550", "correlationVector":"kx9wU4ATKzW6kM7qa6XX3q.145","action":"GetUpdates", "result":"DeleteReceived", "context":{"id":"80354d5f-345e-46b5-bafb-5a480ee59d17", "isDeleted:":"true", "version":"1689974992791"}}
{"logTime": "0809/132550", "correlationVector":"kx9wU4ATKzW6kM7qa6XX3q.146","action":"GetUpdates", "result":"DeleteReceived", "context":{"id":"066f0579-b192-47ef-adf4-01533e079eb6", "isDeleted:":"true", "version":"1689974992792"}}
{"logTime": "0809/132550", "correlationVector":"kx9wU4ATKzW6kM7qa6XX3q.147","action":"GetUpdates", "result":"DeleteReceived", "context":{"id":"b1190740-d88c-44a6-834a-954f35415533", "isDeleted:":"true", "version":"1689974992793"}}
{"logTime": "0809/132550", "correlationVector":"kx9wU4ATKzW6kM7qa6XX3q.148","action":"GetUpdates", "result":"DeleteReceived", "context":{"id":"67b5229f-9c2a-49ee-bf08-4c3bc2cfb57d", "isDeleted:":"true", "version":"1689974992794"}}
{"logTime": "0809/132550", "correlationVector":"kx9wU4ATKzW6kM7qa6XX3q.149","action":"GetUpdates", "result":"DeleteReceived", "context":{"id":"ab69409a-5455-482a-863f-81d76a832e03", "isDeleted:":"true", "version":"1689974992797"}}
{"logTime": "0809/132550", "correlationVector":"kx9wU4ATKzW6kM7qa6XX3q.150","action":"GetUpdates", "result":"DeleteReceived", "context":{"id":"c1743de1-b043-4af0-aa24-d5b3a2134d90", "isDeleted:":"true", "version":"1689974992798"}}
{"logTime": "0809/132550", "correlationVector":"kx9wU4ATKzW6kM7qa6XX3q.151","action":"GetUpdates", "result":"DeleteReceived", "context":{"id":"8472ff85-6dab-4e95-8a2d-e5d067c30b12", "isDeleted:":"true", "version":"1689974992799"}}
{"logTime": "0809/132550", "correlationVector":"kx9wU4ATKzW6kM7qa6XX3q.152","action":"GetUpdates", "result":"DeleteReceived", "context":{"id":"9d3868f3-7daf-46c0-85c4-ab6a922ecbab", "isDeleted:":"true", "version":"1689974992800"}}
{"logTime": "0809/132550", "correlationVector":"kx9wU4ATKzW6kM7qa6XX3q.153","action":"GetUpdates", "result":"DeleteReceived", "context":{"id":"8c5dc9ce-c868-4304-ac12-df189a323856", "isDeleted:":"true", "version":"1689982617451"}}
{"logTime": "0809/132550", "correlationVector":"kx9wU4ATKzW6kM7qa6XX3q.154","action":"GetUpdates", "result":"DeleteReceived", "context":{"id":"aab38379-89d1-431e-88b7-14ccba9b64e6", "isDeleted:":"true", "version":"1689982617452"}}
{"logTime": "0809/132550", "correlationVector":"kx9wU4ATKzW6kM7qa6XX3q.155","action":"GetUpdates", "result":"DeleteReceived", "context":{"id":"d59b4eaa-c64f-4c0e-9104-9863da3fe142", "isDeleted:":"true", "version":"1690022125982"}}
{"logTime": "0809/132550", "correlationVector":"kx9wU4ATKzW6kM7qa6XX3q.156","action":"GetUpdates", "result":"DeleteReceived", "context":{"id":"0dfbb8fe-8ea3-4d6e-82ac-fbcd459113b2", "isDeleted:":"true", "version":"1690112323711"}}
{"logTime": "0809/132550", "correlationVector":"kx9wU4ATKzW6kM7qa6XX3q.157","action":"GetUpdates", "result":"DeleteReceived", "context":{"id":"a54355ac-c5b7-4561-8afd-0b377a7fc0d8", "isDeleted:":"true", "version":"1690112323712"}}
{"logTime": "0809/132550", "correlationVector":"kx9wU4ATKzW6kM7qa6XX3q.158","action":"GetUpdates", "result":"DeleteReceived", "context":{"id":"109b8b2b-a130-402b-bbc8-032baf66e5a7", "isDeleted:":"true", "version":"1690112323714"}}
{"logTime": "0809/132550", "correlationVector":"kx9wU4ATKzW6kM7qa6XX3q.159","action":"GetUpdates", "result":"DeleteReceived", "context":{"id":"63a07aa9-dc09-4587-870f-92a33c11e34d", "isDeleted:":"true", "version":"1690114919254"}}
{"logTime": "0809/132550", "correlationVector":"kx9wU4ATKzW6kM7qa6XX3q.160","action":"GetUpdates", "result":"DeleteReceived", "context":{"id":"67617922-7845-4b99-8926-10002ea14b76", "isDeleted:":"true", "version":"1690248302216"}}
{"logTime": "0809/132550", "correlationVector":"kx9wU4ATKzW6kM7qa6XX3q.161","action":"GetUpdates", "result":"DeleteReceived", "context":{"id":"1647edfe-c895-4969-82da-aafb5073e909", "isDeleted:":"true", "version":"1690248302217"}}
{"logTime": "0809/132550", "correlationVector":"kx9wU4ATKzW6kM7qa6XX3q.162","action":"GetUpdates", "result":"DeleteReceived", "context":{"id":"01c3af49-50fe-472d-af73-58f85537203b", "isDeleted:":"true", "version":"1690248302219"}}
{"logTime": "0809/132550", "correlationVector":"kx9wU4ATKzW6kM7qa6XX3q.163","action":"GetUpdates", "result":"DeleteReceived", "context":{"id":"e480ef1d-b10c-4fda-8525-1b87a15a4ce4", "isDeleted:":"true", "version":"1690248302220"}}
{"logTime": "0809/132550", "correlationVector":"kx9wU4ATKzW6kM7qa6XX3q.164","action":"GetUpdates", "result":"DeleteReceived", "context":{"id":"fba28cd8-a6a3-43a9-93ac-fbc8a01d0482", "isDeleted:":"true", "version":"1690248302221"}}
{"logTime": "0809/132550", "correlationVector":"kx9wU4ATKzW6kM7qa6XX3q.165","action":"GetUpdates", "result":"DeleteReceived", "context":{"id":"bdf49fe3-eb6e-4c83-ac90-afbe6e52fe9b", "isDeleted:":"true", "version":"1690248302222"}}
{"logTime": "0809/132550", "correlationVector":"kx9wU4ATKzW6kM7qa6XX3q.166","action":"GetUpdates", "result":"DeleteReceived", "context":{"id":"39467650-c1c4-4513-bac1-2f60fe970126", "isDeleted:":"true", "version":"1690252024041"}}
{"logTime": "0809/132550", "correlationVector":"kx9wU4ATKzW6kM7qa6XX3q.167","action":"GetUpdates", "result":"DeleteReceived", "context":{"id":"51d562d6-3793-4ddd-8811-34066bb6d80b", "isDeleted:":"true", "version":"1690252024043"}}
{"logTime": "0809/132550", "correlationVector":"kx9wU4ATKzW6kM7qa6XX3q.168","action":"GetUpdates", "result":"DeleteReceived", "context":{"id":"067dd908-fdd9-4cd4-a195-21b1c5afd92d", "isDeleted:":"true", "version":"1690298568401"}}
{"logTime": "0809/132550", "correlationVector":"kx9wU4ATKzW6kM7qa6XX3q.169","action":"GetUpdates", "result":"DeleteReceived", "context":{"id":"1e7173f7-e705-43d7-8d30-d1984339c47c", "isDeleted:":"true", "version":"1690308374950"}}
{"logTime": "0809/132550", "correlationVector":"kx9wU4ATKzW6kM7qa6XX3q.170","action":"GetUpdates", "result":"DeleteReceived", "context":{"id":"1a39d25c-68d7-4626-973b-f88139f929f2", "isDeleted:":"true", "version":"1690308374951"}}
{"logTime": "0809/132550", "correlationVector":"kx9wU4ATKzW6kM7qa6XX3q.171","action":"GetUpdates", "result":"DeleteReceived", "context":{"id":"430e5be7-7d0d-47d3-861b-72abe872a4d5", "isDeleted:":"true", "version":"1690308374952"}}
{"logTime": "0809/132550", "correlationVector":"kx9wU4ATKzW6kM7qa6XX3q.172","action":"GetUpdates", "result":"DeleteReceived", "context":{"id":"69e0affa-47af-4bf0-a7f2-ef8ce9eae1f7", "isDeleted:":"true", "version":"1690308374953"}}
{"logTime": "0809/132550", "correlationVector":"kx9wU4ATKzW6kM7qa6XX3q.173","action":"GetUpdates", "result":"DeleteReceived", "context":{"id":"02aa4ea2-60e8-4b31-a391-2d82733e27e1", "isDeleted:":"true", "version":"1690308374954"}}
{"logTime": "0809/132550", "correlationVector":"kx9wU4ATKzW6kM7qa6XX3q.174","action":"GetUpdates", "result":"DeleteReceived", "context":{"id":"ccef8a5c-2623-4042-bc33-aaa70d93670d", "isDeleted:":"true", "version":"1690377444924"}}
{"logTime": "0809/132550", "correlationVector":"kx9wU4ATKzW6kM7qa6XX3q.175","action":"GetUpdates", "result":"DeleteReceived", "context":{"id":"2b2b4558-b3d7-408c-8478-8bc43cf3f6c2", "isDeleted:":"true", "version":"1690395379430"}}
{"logTime": "0809/132550", "correlationVector":"kx9wU4ATKzW6kM7qa6XX3q.176","action":"GetUpdates", "result":"DeleteReceived", "context":{"id":"e052345f-0e12-4317-a96c-ef8094f7d448", "isDeleted:":"true", "version":"1690395379431"}}
{"logTime": "0809/132550", "correlationVector":"kx9wU4ATKzW6kM7qa6XX3q.177","action":"GetUpdates", "result":"DeleteReceived", "context":{"id":"bdd78416-42a8-49a3-9e63-18c768b0f246", "isDeleted:":"true", "version":"1690395379433"}}
{"logTime": "0809/132550", "correlationVector":"kx9wU4ATKzW6kM7qa6XX3q.178","action":"GetUpdates", "result":"DeleteReceived", "context":{"id":"88e76b47-f270-4546-9a33-57a75ca327b4", "isDeleted:":"true", "version":"1690395379434"}}
{"logTime": "0809/132550", "correlationVector":"kx9wU4ATKzW6kM7qa6XX3q.179","action":"GetUpdates", "result":"DeleteReceived", "context":{"id":"da1994ed-917d-42e7-82b6-10501f6a4510", "isDeleted:":"true", "version":"1690395379435"}}
{"logTime": "0809/132550", "correlationVector":"kx9wU4ATKzW6kM7qa6XX3q.180","action":"GetUpdates", "result":"DeleteReceived", "context":{"id":"f07a5f14-7022-40d6-a61b-c1caffbd12fe", "isDeleted:":"true", "version":"1690395404355"}}
{"logTime": "0809/132550", "correlationVector":"kx9wU4ATKzW6kM7qa6XX3q.181","action":"GetUpdates", "result":"DeleteReceived", "context":{"id":"59e4c12a-f894-4a73-9d04-13b73fcca0b6", "isDeleted:":"true", "version":"1690395404356"}}
{"logTime": "0809/132550", "correlationVector":"kx9wU4ATKzW6kM7qa6XX3q.182","action":"GetUpdates", "result":"DeleteReceived", "context":{"id":"67b7f4a1-e4b2-4490-8b4e-7c68a7bc4c89", "isDeleted:":"true", "version":"1690395404358"}}
{"logTime": "0809/132550", "correlationVector":"kx9wU4ATKzW6kM7qa6XX3q.183","action":"GetUpdates", "result":"DeleteReceived", "context":{"id":"4b61a085-02ac-45f9-972a-e99c4c2e8594", "isDeleted:":"true", "version":"1690395404359"}}
{"logTime": "0809/132550", "correlationVector":"kx9wU4ATKzW6kM7qa6XX3q.184","action":"GetUpdates", "result":"DeleteReceived", "context":{"id":"05c3ddd5-80e3-48d8-852f-6aadcf232481", "isDeleted:":"true", "version":"1690395404360"}}
{"logTime": "0809/132550", "correlationVector":"kx9wU4ATKzW6kM7qa6XX3q.185","action":"GetUpdates", "result":"DeleteReceived", "context":{"id":"648caadf-3467-482d-8f3f-336675e5f135", "isDeleted:":"true", "version":"1690396817424"}}
{"logTime": "0809/132550", "correlationVector":"kx9wU4ATKzW6kM7qa6XX3q.186","action":"GetUpdates", "result":"DeleteReceived", "context":{"id":"ba062dcc-c7b1-40c5-839b-262f05df3a20", "isDeleted:":"true", "version":"1690402320115"}}
{"logTime": "0809/132550", "correlationVector":"kx9wU4ATKzW6kM7qa6XX3q.187","action":"GetUpdates", "result":"DeleteReceived", "context":{"id":"f9650ff1-b6bf-43c3-84bd-6fe761272b73", "isDeleted:":"true", "version":"1690402320116"}}
{"logTime": "0809/132550", "correlationVector":"kx9wU4ATKzW6kM7qa6XX3q.188","action":"GetUpdates", "result":"DeleteReceived", "context":{"id":"fe7201f2-472b-4f58-9b60-ab423629afae", "isDeleted:":"true", "version":"1690402320117"}}
{"logTime": "0809/132550", "correlationVector":"kx9wU4ATKzW6kM7qa6XX3q.189","action":"GetUpdates", "result":"DeleteReceived", "context":{"id":"916fdf32-efd9-401d-a05e-4ba27cf044b0", "isDeleted:":"true", "version":"1690402320118"}}
{"logTime": "0809/132550", "correlationVector":"kx9wU4ATKzW6kM7qa6XX3q.190","action":"GetUpdates", "result":"DeleteReceived", "context":{"id":"9038294c-0687-42e3-a5a3-3218e49ea070", "isDeleted:":"true", "version":"1690552100408"}}
{"logTime": "0809/132550", "correlationVector":"kx9wU4ATKzW6kM7qa6XX3q.191","action":"GetUpdates", "result":"DeleteReceived", "context":{"id":"4496a868-45e7-4a26-bca7-f7fdd63de677", "isDeleted:":"true", "version":"1690552100409"}}
{"logTime": "0809/132550", "correlationVector":"kx9wU4ATKzW6kM7qa6XX3q.192","action":"GetUpdates", "result":"DeleteReceived", "context":{"id":"e3774608-04f1-421d-bdfa-41afac31ffad", "isDeleted:":"true", "version":"1690552100410"}}
{"logTime": "0809/132550", "correlationVector":"kx9wU4ATKzW6kM7qa6XX3q.193","action":"GetUpdates", "result":"DeleteReceived", "context":{"id":"92419938-defd-45cc-ab1a-58c1e7f477c4", "isDeleted:":"true", "version":"1690552100411"}}
{"logTime": "0809/132550", "correlationVector":"kx9wU4ATKzW6kM7qa6XX3q.194","action":"GetUpdates", "result":"DeleteReceived", "context":{"id":"d8dd4071-02c8-490d-b9ea-734a00774bf7", "isDeleted:":"true", "version":"1690552100412"}}
{"logTime": "0809/132550", "correlationVector":"kx9wU4ATKzW6kM7qa6XX3q.195","action":"GetUpdates", "result":"DeleteReceived", "context":{"id":"b559cfb5-b887-49cc-831b-5bbd289955a4", "isDeleted:":"true", "version":"1690552100414"}}
{"logTime": "0809/132550", "correlationVector":"kx9wU4ATKzW6kM7qa6XX3q.196","action":"GetUpdates", "result":"DeleteReceived", "context":{"id":"ba7f9262-50ca-45f4-9bff-7620a2ce0db8", "isDeleted:":"true", "version":"1690552100415"}}
{"logTime": "0809/132550", "correlationVector":"kx9wU4ATKzW6kM7qa6XX3q.197","action":"GetUpdates", "result":"DeleteReceived", "context":{"id":"acc3db7c-96af-4db0-9c77-ec2fadf7e4c1", "isDeleted:":"true", "version":"1690552100416"}}
{"logTime": "0809/132550", "correlationVector":"kx9wU4ATKzW6kM7qa6XX3q.198","action":"GetUpdates", "result":"DeleteReceived", "context":{"id":"c4c5a143-86d4-491d-892c-afab90984edc", "isDeleted:":"true", "version":"1690552100417"}}
{"logTime": "0809/132550", "correlationVector":"kx9wU4ATKzW6kM7qa6XX3q.199","action":"GetUpdates", "result":"DeleteReceived", "context":{"id":"4df5ee8a-5b4e-4596-8957-5b456d3fa762", "isDeleted:":"true", "version":"1690552100418"}}
{"logTime": "0809/132550", "correlationVector":"kx9wU4ATKzW6kM7qa6XX3q.200","action":"GetUpdates", "result":"DeleteReceived", "context":{"id":"fb978055-d54c-4f07-8218-2a62ad78c520", "isDeleted:":"true", "version":"1690552100419"}}
{"logTime": "0809/132550", "correlationVector":"kx9wU4ATKzW6kM7qa6XX3q.201","action":"GetUpdates", "result":"DeleteReceived", "context":{"id":"0d8d19bc-2b8a-45b3-89b2-5d5d5269cf15", "isDeleted:":"true", "version":"1690552100420"}}
{"logTime": "0809/132550", "correlationVector":"kx9wU4ATKzW6kM7qa6XX3q.202","action":"GetUpdates", "result":"DeleteReceived", "context":{"id":"8d57dbad-2a85-45e1-b4f3-d69427015e47", "isDeleted:":"true", "version":"1690555819104"}}
{"logTime": "0809/132550", "correlationVector":"kx9wU4ATKzW6kM7qa6XX3q.203","action":"GetUpdates", "result":"DeleteReceived", "context":{"id":"ee6f8525-13ff-4867-9f80-93df7d951820", "isDeleted:":"true", "version":"1690566802354"}}
{"logTime": "0809/132550", "correlationVector":"kx9wU4ATKzW6kM7qa6XX3q.204","action":"GetUpdates", "result":"DeleteReceived", "context":{"id":"d1b53e76-6599-4cc4-a147-1b4584a83bee", "isDeleted:":"true", "version":"1690580722991"}}
{"logTime": "0809/132550", "correlationVector":"kx9wU4ATKzW6kM7qa6XX3q.205","action":"GetUpdates", "result":"DeleteReceived", "context":{"id":"f792cef6-448e-41dd-a1be-cb7159aa26b7", "isDeleted:":"true", "version":"1690580722993"}}
{"logTime": "0809/132550", "correlationVector":"kx9wU4ATKzW6kM7qa6XX3q.206","action":"GetUpdates", "result":"DeleteReceived", "context":{"id":"bb82b6ab-3882-4285-9569-338edbd1af22", "isDeleted:":"true", "version":"1690580722994"}}
{"logTime": "0809/132550", "correlationVector":"kx9wU4ATKzW6kM7qa6XX3q.207","action":"GetUpdates", "result":"DeleteReceived", "context":{"id":"77ae5b22-1a9c-4e30-9d64-9112bf4fb4b4", "isDeleted:":"true", "version":"1690580722995"}}
{"logTime": "0809/132550", "correlationVector":"kx9wU4ATKzW6kM7qa6XX3q.208","action":"GetUpdates", "result":"DeleteReceived", "context":{"id":"b8456c24-bcbc-456b-9259-0e9c6264c054", "isDeleted:":"true", "version":"1690580722996"}}
{"logTime": "0809/132550", "correlationVector":"kx9wU4ATKzW6kM7qa6XX3q.209","action":"GetUpdates", "result":"DeleteReceived", "context":{"id":"ee9298ef-229a-4ccd-9dd9-a4d6a9618d8a", "isDeleted:":"true", "version":"1690733104706"}}
{"logTime": "0809/132550", "correlationVector":"kx9wU4ATKzW6kM7qa6XX3q.210","action":"GetUpdates", "result":"DeleteReceived", "context":{"id":"1ecc9b17-a933-465c-a818-0f9a1b26fa35", "isDeleted:":"true", "version":"1690817862658"}}
{"logTime": "0809/132550", "correlationVector":"kx9wU4ATKzW6kM7qa6XX3q.211","action":"GetUpdates", "result":"DeleteReceived", "context":{"id":"7b193d8a-f602-4cf6-9f9d-72fdda77255c", "isDeleted:":"true", "version":"1690817862659"}}
{"logTime": "0809/132550", "correlationVector":"kx9wU4ATKzW6kM7qa6XX3q.212","action":"GetUpdates", "result":"DeleteReceived", "context":{"id":"c2ac86b5-bfb3-48d2-861c-ea22b3a3b187", "isDeleted:":"true", "version":"1690817862660"}}
{"logTime": "0809/132550", "correlationVector":"kx9wU4ATKzW6kM7qa6XX3q.213","action":"GetUpdates", "result":"DeleteReceived", "context":{"id":"166b2a3c-6885-4b34-9af3-f7d90d792a4f", "isDeleted:":"true", "version":"1690817862661"}}
{"logTime": "0809/132550", "correlationVector":"kx9wU4ATKzW6kM7qa6XX3q.214","action":"GetUpdates", "result":"DeleteReceived", "context":{"id":"21cce452-3d7d-469a-92fa-b5aea159e7f8", "isDeleted:":"true", "version":"1690901152323"}}
{"logTime": "0809/132550", "correlationVector":"kx9wU4ATKzW6kM7qa6XX3q.215","action":"GetUpdates", "result":"DeleteReceived", "context":{"id":"a2d33bfa-3011-454f-b5d2-5938061abd47", "isDeleted:":"true", "version":"1690901152324"}}
{"logTime": "0809/132550", "correlationVector":"kx9wU4ATKzW6kM7qa6XX3q.216","action":"GetUpdates", "result":"DeleteReceived", "context":{"id":"9d3a5d2d-8e5e-42c3-ad0c-7d0422352d9c", "isDeleted:":"true", "version":"1690901152325"}}
{"logTime": "0809/132550", "correlationVector":"kx9wU4ATKzW6kM7qa6XX3q.217","action":"GetUpdates", "result":"DeleteReceived", "context":{"id":"7884380e-2afa-4222-bdd3-b936ca83ec60", "isDeleted:":"true", "version":"1690901152326"}}
{"logTime": "0809/132550", "correlationVector":"kx9wU4ATKzW6kM7qa6XX3q.218","action":"GetUpdates", "result":"DeleteReceived", "context":{"id":"822d8806-d133-480b-a7f8-e3488433a996", "isDeleted:":"true", "version":"1690901951872"}}
{"logTime": "0809/132550", "correlationVector":"kx9wU4ATKzW6kM7qa6XX3q.219","action":"GetUpdates", "result":"DeleteReceived", "context":{"id":"5bb58ceb-5041-404c-9012-caf2b4a511a5", "isDeleted:":"true", "version":"1691064305756"}}
{"logTime": "0809/132550", "correlationVector":"kx9wU4ATKzW6kM7qa6XX3q.220","action":"GetUpdates", "result":"DeleteReceived", "context":{"id":"4c22051a-ab1b-4353-93dc-400fd1384fbe", "isDeleted:":"true", "version":"1691064305757"}}
{"logTime": "0809/132550", "correlationVector":"kx9wU4ATKzW6kM7qa6XX3q.221","action":"GetUpdates", "result":"DeleteReceived", "context":{"id":"c7841d6f-8965-4247-9161-7b4124cb995e", "isDeleted:":"true", "version":"1691064305758"}}
{"logTime": "0809/132550", "correlationVector":"kx9wU4ATKzW6kM7qa6XX3q.222","action":"GetUpdates", "result":"DeleteReceived", "context":{"id":"eb69e73c-8caf-4255-badd-de087cf428b2", "isDeleted:":"true", "version":"1691064305759"}}
{"logTime": "0809/132550", "correlationVector":"kx9wU4ATKzW6kM7qa6XX3q.223","action":"GetUpdates Response", "result":"SERVER_MORE_TO_DOWNLOAD", "context":Received 250 update(s).  Some updates remain.}
{"logTime": "0809/132550", "correlationVector":"ZeaeCIk1EP4JerNo4N4GZp","action":"Initial GetUpdates", "result":"", "context":Reason: NEWLY_SUPPORTED_DATATYPE. cV=ZeaeCIk1EP4JerNo4N4GZp}
{"logTime": "0809/132550", "correlationVector":"ZeaeCIk1EP4JerNo4N4GZp.1","action":"SyncServerConnectionManagerRequest", "result":"SYNC_SERVER_OK", "context":{"environment":"Prod_EastUS_000w", "migrationStage":"NotStarted", "server":"GENERAL01000006"}}
{"logTime": "0809/132550", "correlationVector":"ZeaeCIk1EP4JerNo4N4GZp.2","action":"GetUpdates Response", "result":"SERVER_MORE_TO_DOWNLOAD", "context":Received 250 update(s).  Some updates remain.}
{"logTime": "0809/132550", "correlationVector":"/EOEcSKmuQkE9AFYkRphAf","action":"Initial GetUpdates", "result":"", "context":Reason: NEWLY_SUPPORTED_DATATYPE. cV=/EOEcSKmuQkE9AFYkRphAf}
{"logTime": "0809/132551", "correlationVector":"/EOEcSKmuQkE9AFYkRphAf.1","action":"SyncServerConnectionManagerRequest", "result":"SYNC_SERVER_OK", "context":{"environment":"Prod_EastUS_000w", "migrationStage":"NotStarted", "server":"general0100000A"}}
{"logTime": "0809/132551", "correlationVector":"/EOEcSKmuQkE9AFYkRphAf.2","action":"GetUpdates", "result":"DeleteReceived", "context":{"id":"6b941215-f0ef-4c5a-a3ca-c0bb0bcc8e4a", "isDeleted:":"true", "version":"1691071214009"}}
{"logTime": "0809/132551", "correlationVector":"/EOEcSKmuQkE9AFYkRphAf.3","action":"GetUpdates", "result":"DeleteReceived", "context":{"id":"cd088e03-62fd-446c-94d0-b95065ad0874", "isDeleted:":"true", "version":"1691071214011"}}
{"logTime": "0809/132551", "correlationVector":"/EOEcSKmuQkE9AFYkRphAf.4","action":"GetUpdates", "result":"DeleteReceived", "context":{"id":"b74298e3-e7bc-4719-a292-1a673f674b05", "isDeleted:":"true", "version":"1691077132291"}}
{"logTime": "0809/132551", "correlationVector":"/EOEcSKmuQkE9AFYkRphAf.5","action":"GetUpdates", "result":"DeleteReceived", "context":{"id":"f6af3e2f-d175-4497-8210-b08d9b3f9932", "isDeleted:":"true", "version":"1691079692077"}}
{"logTime": "0809/132551", "correlationVector":"/EOEcSKmuQkE9AFYkRphAf.6","action":"GetUpdates", "result":"DeleteReceived", "context":{"id":"d53bd9b9-e2c0-46ff-a0ab-2fcaa81146a1", "isDeleted:":"true", "version":"1691082948434"}}
{"logTime": "0809/132551", "correlationVector":"/EOEcSKmuQkE9AFYkRphAf.7","action":"GetUpdates", "result":"DeleteReceived", "context":{"id":"d9f7c463-1d21-416f-8686-0bcb2d64d698", "isDeleted:":"true", "version":"1691082948435"}}
{"logTime": "0809/132551", "correlationVector":"/EOEcSKmuQkE9AFYkRphAf.8","action":"GetUpdates", "result":"DeleteReceived", "context":{"id":"b35f63c6-0aa5-42c7-8975-0ed6c68686c1", "isDeleted:":"true", "version":"1691118205503"}}
{"logTime": "0809/132551", "correlationVector":"/EOEcSKmuQkE9AFYkRphAf.9","action":"GetUpdates", "result":"DeleteReceived", "context":{"id":"c709a2db-b60d-48bc-9e91-0b17a7b9bf38", "isDeleted:":"true", "version":"1691118205504"}}
{"logTime": "0809/132551", "correlationVector":"/EOEcSKmuQkE9AFYkRphAf.10","action":"GetUpdates", "result":"DeleteReceived", "context":{"id":"1a1ab363-589d-4dd5-aaa3-fb62d0740b28", "isDeleted:":"true", "version":"1691118205505"}}
{"logTime": "0809/132551", "correlationVector":"/EOEcSKmuQkE9AFYkRphAf.11","action":"GetUpdates", "result":"DeleteReceived", "context":{"id":"73594138-24d6-43cb-b59d-3f837ca6aab2", "isDeleted:":"true", "version":"1691118205506"}}
{"logTime": "0809/132551", "correlationVector":"/EOEcSKmuQkE9AFYkRphAf.12","action":"GetUpdates", "result":"DeleteReceived", "context":{"id":"3688007e-aba0-4c15-af69-83f62cdc0db3", "isDeleted:":"true", "version":"1691119463067"}}
{"logTime": "0809/132551", "correlationVector":"/EOEcSKmuQkE9AFYkRphAf.13","action":"GetUpdates", "result":"DeleteReceived", "context":{"id":"bf46d368-3a1f-4e58-abb8-d2e8afe50963", "isDeleted:":"true", "version":"1691162767456"}}
{"logTime": "0809/132551", "correlationVector":"/EOEcSKmuQkE9AFYkRphAf.14","action":"GetUpdates", "result":"DeleteReceived", "context":{"id":"c7b7724e-bd4a-479b-8d85-e253fb21e127", "isDeleted:":"true", "version":"1691162767457"}}
{"logTime": "0809/132551", "correlationVector":"/EOEcSKmuQkE9AFYkRphAf.15","action":"GetUpdates", "result":"DeleteReceived", "context":{"id":"162a2839-1eb4-401d-b8a9-81131996c270", "isDeleted:":"true", "version":"1691162767458"}}
{"logTime": "0809/132551", "correlationVector":"/EOEcSKmuQkE9AFYkRphAf.16","action":"GetUpdates", "result":"DeleteReceived", "context":{"id":"11ef750d-14c2-4ade-b783-c49276814195", "isDeleted:":"true", "version":"1691162767460"}}
{"logTime": "0809/132551", "correlationVector":"/EOEcSKmuQkE9AFYkRphAf.17","action":"GetUpdates", "result":"DeleteReceived", "context":{"id":"5f34b724-61bb-4ca8-af9e-7717be2db015", "isDeleted:":"true", "version":"1691172004310"}}
{"logTime": "0809/132551", "correlationVector":"/EOEcSKmuQkE9AFYkRphAf.18","action":"GetUpdates", "result":"DeleteReceived", "context":{"id":"76e66592-e404-4378-8e75-450db3c6f351", "isDeleted:":"true", "version":"1691172004311"}}
{"logTime": "0809/132551", "correlationVector":"/EOEcSKmuQkE9AFYkRphAf.19","action":"GetUpdates", "result":"DeleteReceived", "context":{"id":"21905758-9dd2-41ba-9964-cb701c4e9cb7", "isDeleted:":"true", "version":"1691172004314"}}
{"logTime": "0809/132551", "correlationVector":"/EOEcSKmuQkE9AFYkRphAf.20","action":"GetUpdates", "result":"DeleteReceived", "context":{"id":"ad18e968-248d-4734-8d95-145828d7dcf2", "isDeleted:":"true", "version":"1691172004315"}}
{"logTime": "0809/132551", "correlationVector":"/EOEcSKmuQkE9AFYkRphAf.21","action":"GetUpdates", "result":"DeleteReceived", "context":{"id":"809edd7f-d608-4d0d-bb88-d98b41d905ef", "isDeleted:":"true", "version":"1691172004316"}}
{"logTime": "0809/132551", "correlationVector":"/EOEcSKmuQkE9AFYkRphAf.22","action":"GetUpdates", "result":"DeleteReceived", "context":{"id":"db5610aa-ede5-497b-beab-867159493a08", "isDeleted:":"true", "version":"1691172004317"}}
{"logTime": "0809/132551", "correlationVector":"/EOEcSKmuQkE9AFYkRphAf.23","action":"GetUpdates", "result":"DeleteReceived", "context":{"id":"7a81df02-3aae-4396-9390-85f76a69b054", "isDeleted:":"true", "version":"1691199861390"}}
{"logTime": "0809/132551", "correlationVector":"/EOEcSKmuQkE9AFYkRphAf.24","action":"GetUpdates", "result":"DeleteReceived", "context":{"id":"ef128df3-0783-4a37-9dc7-0ccfd6b7724e", "isDeleted:":"true", "version":"1691199861391"}}
{"logTime": "0809/132551", "correlationVector":"/EOEcSKmuQkE9AFYkRphAf.25","action":"GetUpdates", "result":"DeleteReceived", "context":{"id":"9317a4f2-6da2-4176-9831-38e966ba6ff2", "isDeleted:":"true", "version":"1691199861392"}}
{"logTime": "0809/132551", "correlationVector":"/EOEcSKmuQkE9AFYkRphAf.26","action":"GetUpdates", "result":"DeleteReceived", "context":{"id":"be219e5b-81bb-499f-8a34-b763bc1c9edb", "isDeleted:":"true", "version":"1691199861394"}}
{"logTime": "0809/132551", "correlationVector":"/EOEcSKmuQkE9AFYkRphAf.27","action":"GetUpdates", "result":"DeleteReceived", "context":{"id":"12cf47b6-3a2e-4114-baf3-32fc8bdcc422", "isDeleted:":"true", "version":"1691199861395"}}
{"logTime": "0809/132551", "correlationVector":"/EOEcSKmuQkE9AFYkRphAf.28","action":"GetUpdates", "result":"DeleteReceived", "context":{"id":"8a4d7777-3fe3-447d-871a-dbb113cc64ec", "isDeleted:":"true", "version":"1691199861396"}}
{"logTime": "0809/132551", "correlationVector":"/EOEcSKmuQkE9AFYkRphAf.29","action":"GetUpdates", "result":"DeleteReceived", "context":{"id":"9fac354c-de3d-47a8-8ca0-cc25ab58488d", "isDeleted:":"true", "version":"1691199861397"}}
{"logTime": "0809/132551", "correlationVector":"/EOEcSKmuQkE9AFYkRphAf.30","action":"GetUpdates", "result":"DeleteReceived", "context":{"id":"9822b69c-2bb0-4463-b77d-db05075ba72e", "isDeleted:":"true", "version":"1691236895358"}}
{"logTime": "0809/132551", "correlationVector":"/EOEcSKmuQkE9AFYkRphAf.31","action":"GetUpdates", "result":"DeleteReceived", "context":{"id":"807d4a6a-2749-4d5f-8d78-1417978f0f5e", "isDeleted:":"true", "version":"1691236895359"}}
{"logTime": "0809/132551", "correlationVector":"/EOEcSKmuQkE9AFYkRphAf.32","action":"GetUpdates", "result":"DeleteReceived", "context":{"id":"ae1253f2-1eb3-45be-a20c-328dbb27ef8e", "isDeleted:":"true", "version":"1691236895360"}}
{"logTime": "0809/132551", "correlationVector":"/EOEcSKmuQkE9AFYkRphAf.33","action":"GetUpdates", "result":"DeleteReceived", "context":{"id":"b067a77d-1c91-4446-b6f2-78a3f4e2f67d", "isDeleted:":"true", "version":"1691236895361"}}
{"logTime": "0809/132551", "correlationVector":"/EOEcSKmuQkE9AFYkRphAf.34","action":"GetUpdates", "result":"DeleteReceived", "context":{"id":"dc2de873-5bfa-4b91-a412-d17b7af2b55a", "isDeleted:":"true", "version":"1691236895362"}}
{"logTime": "0809/132551", "correlationVector":"/EOEcSKmuQkE9AFYkRphAf.35","action":"GetUpdates", "result":"DeleteReceived", "context":{"id":"ec8d71d1-6b83-418c-8261-4387d7aaa645", "isDeleted:":"true", "version":"1691236895363"}}
{"logTime": "0809/132551", "correlationVector":"/EOEcSKmuQkE9AFYkRphAf.36","action":"GetUpdates", "result":"DeleteReceived", "context":{"id":"465dcdfd-3d4b-4f91-bef6-11ae86121ec1", "isDeleted:":"true", "version":"1691236895365"}}
{"logTime": "0809/132551", "correlationVector":"/EOEcSKmuQkE9AFYkRphAf.37","action":"GetUpdates", "result":"DeleteReceived", "context":{"id":"201ad05d-a7ad-432d-888d-f8c772e1760b", "isDeleted:":"true", "version":"1691237578191"}}
{"logTime": "0809/132551", "correlationVector":"/EOEcSKmuQkE9AFYkRphAf.38","action":"GetUpdates", "result":"DeleteReceived", "context":{"id":"376aca05-0733-4afa-a6d4-d90320793cc0", "isDeleted:":"true", "version":"1691269128592"}}
{"logTime": "0809/132551", "correlationVector":"/EOEcSKmuQkE9AFYkRphAf.39","action":"GetUpdates", "result":"DeleteReceived", "context":{"id":"fb8f6568-03ae-4af0-8cf0-978839a31951", "isDeleted:":"true", "version":"1691269128594"}}
{"logTime": "0809/132551", "correlationVector":"/EOEcSKmuQkE9AFYkRphAf.40","action":"GetUpdates", "result":"DeleteReceived", "context":{"id":"1304f265-6046-4dac-8ff9-57f7f2e7924b", "isDeleted:":"true", "version":"1691269128595"}}
{"logTime": "0809/132551", "correlationVector":"/EOEcSKmuQkE9AFYkRphAf.41","action":"GetUpdates Response", "result":"SERVER_MORE_TO_DOWNLOAD", "context":Received 250 update(s).  Some updates remain.}
{"logTime": "0809/132551", "correlationVector":"n5KWsHcyh6jNFscqasvvjU","action":"Initial GetUpdates", "result":"", "context":Reason: NEWLY_SUPPORTED_DATATYPE. cV=n5KWsHcyh6jNFscqasvvjU}
{"logTime": "0809/132551", "correlationVector":"n5KWsHcyh6jNFscqasvvjU.1","action":"SyncServerConnectionManagerRequest", "result":"SYNC_SERVER_OK", "context":{"environment":"Prod_EastUS_000w", "migrationStage":"NotStarted", "server":"general0100000T"}}
{"logTime": "0809/132551", "correlationVector":"n5KWsHcyh6jNFscqasvvjU.2","action":"GetUpdates Response", "result":"SERVER_MORE_TO_DOWNLOAD", "context":Received 250 update(s).  Some updates remain.}
{"logTime": "0809/132551", "correlationVector":"pVZuTx1+kweWT+N7OCNuoI","action":"Initial GetUpdates", "result":"", "context":Reason: NEWLY_SUPPORTED_DATATYPE. cV=pVZuTx1+kweWT+N7OCNuoI}
{"logTime": "0809/132552", "correlationVector":"pVZuTx1+kweWT+N7OCNuoI.1","action":"SyncServerConnectionManagerRequest", "result":"SYNC_SERVER_OK", "context":{"environment":"Prod_EastUS_000w", "migrationStage":"NotStarted", "server":"general01000003"}}
{"logTime": "0809/132552", "correlationVector":"pVZuTx1+kweWT+N7OCNuoI.2","action":"GetUpdates", "result":"DeleteReceived", "context":{"id":"51bebead-8c46-4b74-a981-7376e3009b00", "isDeleted:":"true", "version":"1691323765292"}}
{"logTime": "0809/132552", "correlationVector":"pVZuTx1+kweWT+N7OCNuoI.3","action":"GetUpdates", "result":"DeleteReceived", "context":{"id":"45c5d0aa-3cea-4a2b-9387-4161fb0c3eb4", "isDeleted:":"true", "version":"1691330624604"}}
{"logTime": "0809/132552", "correlationVector":"pVZuTx1+kweWT+N7OCNuoI.4","action":"GetUpdates", "result":"DeleteReceived", "context":{"id":"2b956f35-4eb8-4ed2-a3ce-f4073d8b6e17", "isDeleted:":"true", "version":"1691336859285"}}
{"logTime": "0809/132552", "correlationVector":"pVZuTx1+kweWT+N7OCNuoI.5","action":"GetUpdates Response", "result":"SERVER_MORE_TO_DOWNLOAD", "context":Received 250 update(s).  Some updates remain.}
{"logTime": "0809/132552", "correlationVector":"QFkvMY5EVSCUCjMABztG/7","action":"Initial GetUpdates", "result":"", "context":Reason: NEWLY_SUPPORTED_DATATYPE. cV=QFkvMY5EVSCUCjMABztG/7}
{"logTime": "0809/132552", "correlationVector":"QFkvMY5EVSCUCjMABztG/7.1","action":"SyncServerConnectionManagerRequest", "result":"SYNC_SERVER_OK", "context":{"environment":"Prod_EastUS_000w", "migrationStage":"NotStarted", "server":"GENERAL0100001G"}}
{"logTime": "0809/132552", "correlationVector":"QFkvMY5EVSCUCjMABztG/7.2","action":"GetUpdates", "result":"DeleteReceived", "context":{"id":"07ed15c2-e6a0-45de-ae3d-5a197b8acb3c", "isDeleted:":"true", "version":"1691406615758"}}
{"logTime": "0809/132552", "correlationVector":"QFkvMY5EVSCUCjMABztG/7.3","action":"GetUpdates", "result":"DeleteReceived", "context":{"id":"b7cf84d5-183e-4f08-8970-5c3e9bd59f1d", "isDeleted:":"true", "version":"1691336859286"}}
{"logTime": "0809/132552", "correlationVector":"QFkvMY5EVSCUCjMABztG/7.4","action":"GetUpdates", "result":"DeleteReceived", "context":{"id":"cd3b483e-1bb7-4808-b694-6d87fc65fbb0", "isDeleted:":"true", "version":"1691352904000"}}
{"logTime": "0809/132552", "correlationVector":"QFkvMY5EVSCUCjMABztG/7.5","action":"GetUpdates", "result":"DeleteReceived", "context":{"id":"cd7d1b89-fd88-4c7d-a8eb-c711f64e441d", "isDeleted:":"true", "version":"1691352904001"}}
{"logTime": "0809/132552", "correlationVector":"QFkvMY5EVSCUCjMABztG/7.6","action":"GetUpdates", "result":"DeleteReceived", "context":{"id":"b410cc49-ce04-47bf-babd-7abfbd50dde5", "isDeleted:":"true", "version":"1691352904002"}}
{"logTime": "0809/132552", "correlationVector":"QFkvMY5EVSCUCjMABztG/7.7","action":"GetUpdates", "result":"DeleteReceived", "context":{"id":"58e1da69-08df-4b09-b926-826d136878df", "isDeleted:":"true", "version":"1691352904006"}}
{"logTime": "0809/132552", "correlationVector":"QFkvMY5EVSCUCjMABztG/7.8","action":"GetUpdates", "result":"DeleteReceived", "context":{"id":"0a6a3d03-2518-4dea-b92c-0e0defa0a001", "isDeleted:":"true", "version":"1691354532885"}}
{"logTime": "0809/132552", "correlationVector":"QFkvMY5EVSCUCjMABztG/7.9","action":"GetUpdates", "result":"DeleteReceived", "context":{"id":"c12c2292-be6e-43a2-8134-fc4bfda1521b", "isDeleted:":"true", "version":"1691354532886"}}
{"logTime": "0809/132552", "correlationVector":"QFkvMY5EVSCUCjMABztG/7.10","action":"GetUpdates", "result":"DeleteReceived", "context":{"id":"4201b8e8-1a03-4bb7-b3af-bead66133d2e", "isDeleted:":"true", "version":"1691354835313"}}
{"logTime": "0809/132552", "correlationVector":"QFkvMY5EVSCUCjMABztG/7.11","action":"GetUpdates", "result":"DeleteReceived", "context":{"id":"338a8aab-dfb4-4a9a-8de3-656ee7879279", "isDeleted:":"true", "version":"1691354868338"}}
{"logTime": "0809/132552", "correlationVector":"QFkvMY5EVSCUCjMABztG/7.12","action":"GetUpdates", "result":"DeleteReceived", "context":{"id":"eff6dca2-6b57-4968-9dba-32405f0d5aec", "isDeleted:":"true", "version":"1691354957961"}}
{"logTime": "0809/132552", "correlationVector":"QFkvMY5EVSCUCjMABztG/7.13","action":"GetUpdates", "result":"DeleteReceived", "context":{"id":"8ab4e4d2-35c4-4efa-a955-6f2bdeb04e80", "isDeleted:":"true", "version":"1691360330143"}}
{"logTime": "0809/132552", "correlationVector":"QFkvMY5EVSCUCjMABztG/7.14","action":"GetUpdates", "result":"DeleteReceived", "context":{"id":"8208dc30-ec7e-4a80-b00a-b1a70a6c2397", "isDeleted:":"true", "version":"1691360330144"}}
{"logTime": "0809/132552", "correlationVector":"QFkvMY5EVSCUCjMABztG/7.15","action":"GetUpdates", "result":"DeleteReceived", "context":{"id":"03d314df-f2c6-4436-b4a0-6c69b88fb91c", "isDeleted:":"true", "version":"1691360330145"}}
{"logTime": "0809/132552", "correlationVector":"QFkvMY5EVSCUCjMABztG/7.16","action":"GetUpdates", "result":"DeleteReceived", "context":{"id":"c6fe67d7-c912-4a46-bc4d-28a1b4fa444a", "isDeleted:":"true", "version":"1691360330146"}}
{"logTime": "0809/132552", "correlationVector":"QFkvMY5EVSCUCjMABztG/7.17","action":"GetUpdates", "result":"DeleteReceived", "context":{"id":"5f076010-2bb5-4944-826c-80c06e8e2139", "isDeleted:":"true", "version":"1691360330148"}}
{"logTime": "0809/132552", "correlationVector":"QFkvMY5EVSCUCjMABztG/7.18","action":"GetUpdates", "result":"DeleteReceived", "context":{"id":"99e6b4f0-0bec-493e-970a-43313b263e65", "isDeleted:":"true", "version":"1691360330149"}}
{"logTime": "0809/132552", "correlationVector":"QFkvMY5EVSCUCjMABztG/7.19","action":"GetUpdates", "result":"DeleteReceived", "context":{"id":"8edac615-280a-45d4-8644-387f6a3913b8", "isDeleted:":"true", "version":"1691406237466"}}
{"logTime": "0809/132552", "correlationVector":"QFkvMY5EVSCUCjMABztG/7.20","action":"GetUpdates", "result":"DeleteReceived", "context":{"id":"4fa0dc4f-fa2e-4093-9e39-0a50b2e2af6a", "isDeleted:":"true", "version":"1691406237467"}}
{"logTime": "0809/132552", "correlationVector":"QFkvMY5EVSCUCjMABztG/7.21","action":"GetUpdates", "result":"DeleteReceived", "context":{"id":"7f5ebe98-0b39-427f-9b7f-b7766546171f", "isDeleted:":"true", "version":"1691406237468"}}
{"logTime": "0809/132552", "correlationVector":"QFkvMY5EVSCUCjMABztG/7.22","action":"GetUpdates", "result":"DeleteReceived", "context":{"id":"323963ce-be1c-4324-a1f4-ded644d0e2f9", "isDeleted:":"true", "version":"1691584310686"}}
{"logTime": "0809/132552", "correlationVector":"QFkvMY5EVSCUCjMABztG/7.23","action":"GetUpdates", "result":"DeleteReceived", "context":{"id":"fb7bb72f-625d-4642-b8cd-386fa03cf1fb", "isDeleted:":"true", "version":"1691584310688"}}
{"logTime": "0809/132553", "correlationVector":"QFkvMY5EVSCUCjMABztG/7.24","action":"GetUpdates Response", "result":"SYNCER_OK", "context":Received 64 update(s). cV=QFkvMY5EVSCUCjMABztG/7.0;server=GENERAL0100001G;cloudType=Consumer;environment=Prod_EastUS_000w;migrationStage=NotStarted}
{"logTime": "0809/132553", "correlationVector":"WoA5HUjzIZqDFIFHwTLvWf","action":"Normal GetUpdate request", "result":"", "context":cV=WoA5HUjzIZqDFIFHwTLvWf
Nudged types: Bookmarks, Typed URLs, Sessions, Device Info
Refresh requested types: Bookmarks, Preferences, Passwords, Autofill Profiles, Autofill, Autofill Custom Data, Typed URLs, Extensions, Sessions, Extension settings, History Delete Directives, Device Info, User Consents, Send Tab To Self, Web Apps, Collection, Edge E Drop, Edge Hub App Usage, Encryption Keys}
{"logTime": "0809/132553", "correlationVector":"WoA5HUjzIZqDFIFHwTLvWf.1","action":"SyncServerConnectionManagerRequest", "result":"SYNC_SERVER_OK", "context":{"environment":"Prod_EastUS_000w", "migrationStage":"NotStarted", "server":"general0100000K"}}
{"logTime": "0809/132553", "correlationVector":"WoA5HUjzIZqDFIFHwTLvWf.2","action":"GetUpdates Response", "result":"SYNCER_OK", "context":Received 0 update(s). cV=WoA5HUjzIZqDFIFHwTLvWf.0;server=general0100000K;cloudType=Consumer;environment=Prod_EastUS_000w;migrationStage=NotStarted}
{"logTime": "0809/132553", "correlationVector":"x2BjUThK0ibyYJrZ8RA2JX","action":"Commit Request", "result":"", "context":Item count: 1
Contributing types: Device Info}
{"logTime": "0809/132553", "correlationVector":"x2BjUThK0ibyYJrZ8RA2JX.1","action":"SyncServerConnectionManagerRequest", "result":"SYNC_SERVER_OK", "context":{"environment":"Prod_EastUS_000w", "migrationStage":"NotStarted", "server":"general0100000O"}}
{"logTime": "0809/132553", "correlationVector":"x2BjUThK0ibyYJrZ8RA2JX.2","action":"Commit Response", "result":"SYNCER_OK", "context":Result: SYNCER_OK. cV=x2BjUThK0ibyYJrZ8RA2JX.0;server=general0100000O;cloudType=Consumer;environment=Prod_EastUS_000w;migrationStage=NotStarted}
{"logTime": "0809/132553", "correlationVector":"ZSoj+6p2R/RSAW5Um+kC0R","action":"Commit Request", "result":"", "context":Item count: 20
Contributing types: Bookmarks}
{"logTime": "0809/132554", "correlationVector":"ZSoj+6p2R/RSAW5Um+kC0R.1","action":"SyncServerConnectionManagerRequest", "result":"SYNC_SERVER_OK", "context":{"environment":"Prod_EastUS_000w", "migrationStage":"NotStarted", "server":"general0100001C"}}
{"logTime": "0809/132554", "correlationVector":"ZSoj+6p2R/RSAW5Um+kC0R.2","action":"Commit Response", "result":"SYNCER_OK", "context":Result: SYNCER_OK. cV=ZSoj+6p2R/RSAW5Um+kC0R.0;server=general0100001C;cloudType=Consumer;environment=Prod_EastUS_000w;migrationStage=NotStarted}
{"logTime": "0809/132554", "correlationVector":"6Pcrryf9KStPQQo/AryfMq","action":"Commit Request", "result":"", "context":Item count: 9
Contributing types: Bookmarks, Typed URLs, Sessions}
{"logTime": "0809/132555", "correlationVector":"6Pcrryf9KStPQQo/AryfMq.1","action":"SyncServerConnectionManagerRequest", "result":"SYNC_SERVER_OK", "context":{"environment":"Prod_EastUS_000w", "migrationStage":"NotStarted", "server":"general0100001L"}}
{"logTime": "0809/132555", "correlationVector":"6Pcrryf9KStPQQo/AryfMq.2","action":"Commit Response", "result":"SYNCER_OK", "context":Result: SYNCER_OK. cV=6Pcrryf9KStPQQo/AryfMq.0;server=general0100001L;cloudType=Consumer;environment=Prod_EastUS_000w;migrationStage=NotStarted}
{"logTime": "0809/143500", "correlationVector":"cvq11rrgtvZTtPZjbirEZT.0","action":"FeedSettingFetch_homeCloud", "result":"0", "context":{}}
{"logTime": "0809/143500", "correlationVector":"ORhqcVehv6d/40Y/F/soLd.1","action":"SyncServerConnectionManagerRequest", "result":"SYNC_SERVER_OK", "context":{"environment":"Prod_EastUS_000w", "migrationStage":"NotStarted", "server":"general0100000C"}}
{"logTime": "0809/143500", "correlationVector":"ORhqcVehv6d/40Y/F/soLd","action":"Initial GetUpdates", "result":"", "context":Reason: NEW_CLIENT. cV=ORhqcVehv6d/40Y/F/soLd}
{"logTime": "0809/143500", "correlationVector":"ORhqcVehv6d/40Y/F/soLd.2","action":"GetUpdates Response", "result":"SYNCER_OK", "context":Received 1 update(s). cV=ORhqcVehv6d/40Y/F/soLd.0;server=general0100000C;cloudType=Consumer;environment=Prod_EastUS_000w;migrationStage=NotStarted}
{"logTime": "0809/143500", "correlationVector":"UzRJES020lhINmisZcp1u6","action":"Initial GetUpdates", "result":"", "context":Reason: NEWLY_SUPPORTED_DATATYPE. cV=UzRJES020lhINmisZcp1u6}
{"logTime": "0809/143500", "correlationVector":"UzRJES020lhINmisZcp1u6.1","action":"SyncServerConnectionManagerRequest", "result":"SYNC_SERVER_OK", "context":{"environment":"Prod_EastUS_000w", "migrationStage":"NotStarted", "server":"GENERAL0100000H"}}
{"logTime": "0809/143500", "correlationVector":"UzRJES020lhINmisZcp1u6.2","action":"GetUpdates", "result":"DeleteReceived", "context":{"id":"92b5525d-2906-408d-81a1-7ff4ea82365a", "isDeleted:":"true", "version":"1678285397396"}}
{"logTime": "0809/143500", "correlationVector":"UzRJES020lhINmisZcp1u6.3","action":"GetUpdates", "result":"DeleteReceived", "context":{"id":"797bdbd8-8110-4bb2-99ee-13feab9b4260", "isDeleted:":"true", "version":"1679509377345"}}
{"logTime": "0809/143500", "correlationVector":"UzRJES020lhINmisZcp1u6.4","action":"GetUpdates", "result":"DeleteReceived", "context":{"id":"de0f881d-0089-4337-a27f-d20d72b3013a", "isDeleted:":"true", "version":"1679509377352"}}
{"logTime": "0809/143500", "correlationVector":"UzRJES020lhINmisZcp1u6.5","action":"GetUpdates", "result":"DeleteReceived", "context":{"id":"0f0ad718-bc4d-4ad4-ab53-bd682bdd19a0", "isDeleted:":"true", "version":"1679697383034"}}
{"logTime": "0809/143500", "correlationVector":"UzRJES020lhINmisZcp1u6.6","action":"GetUpdates", "result":"DeleteReceived", "context":{"id":"018d4680-3ae1-44fc-8cce-18986c95d26b", "isDeleted:":"true", "version":"1680894320392"}}
{"logTime": "0809/143500", "correlationVector":"UzRJES020lhINmisZcp1u6.7","action":"GetUpdates", "result":"DeleteReceived", "context":{"id":"7a587800-952e-4d5b-a0b8-e246818aeb25", "isDeleted:":"true", "version":"1681736536577"}}
{"logTime": "0809/143500", "correlationVector":"UzRJES020lhINmisZcp1u6.8","action":"GetUpdates", "result":"DeleteReceived", "context":{"id":"5819f54e-34bc-4621-b6e0-279ff92fcf6a", "isDeleted:":"true", "version":"1682172163317"}}
{"logTime": "0809/143500", "correlationVector":"UzRJES020lhINmisZcp1u6.9","action":"GetUpdates", "result":"DeleteReceived", "context":{"id":"3ab8781d-ce51-4d4f-a36d-4dd0dc11ea23", "isDeleted:":"true", "version":"1682215454757"}}
{"logTime": "0809/143500", "correlationVector":"UzRJES020lhINmisZcp1u6.10","action":"GetUpdates", "result":"DeleteReceived", "context":{"id":"2421a1df-cdd0-458c-95cc-e322a22180a6", "isDeleted:":"true", "version":"1690557724033"}}
{"logTime": "0809/143500", "correlationVector":"UzRJES020lhINmisZcp1u6.11","action":"GetUpdates", "result":"DeleteReceived", "context":{"id":"07ed15c2-e6a0-45de-ae3d-5a197b8acb3c", "isDeleted:":"true", "version":"1691406615758"}}
{"logTime": "0809/143500", "correlationVector":"UzRJES020lhINmisZcp1u6.12","action":"GetUpdates Response", "result":"SYNCER_OK", "context":Received 166 update(s). cV=UzRJES020lhINmisZcp1u6.0;server=GENERAL0100000H;cloudType=Consumer;environment=Prod_EastUS_000w;migrationStage=NotStarted}
{"logTime": "0809/143500", "correlationVector":"6WXslxUtuKHD+DIMl6QtJs","action":"SyncServerConnectionManagerRequest", "result":"SYNC_SERVER_OK", "context":{"environment":"", "migrationStage":"", "server":""}}
{"logTime": "0809/143500", "correlationVector":"Snb+DzSI4cM4NDcjIkgsTb","action":"Normal GetUpdate request", "result":"", "context":cV=Snb+DzSI4cM4NDcjIkgsTb
Nudged types: Sessions, User Consents
Refresh requested types: Bookmarks, Preferences, Passwords, Autofill Profiles, Autofill, Autofill Custom Data, Typed URLs, Extensions, Sessions, Extension settings, History Delete Directives, Device Info, User Consents, Send Tab To Self, Web Apps, Collection, Edge E Drop, Edge Hub App Usage, Encryption Keys}
{"logTime": "0809/143500", "correlationVector":"Snb+DzSI4cM4NDcjIkgsTb.1","action":"SyncServerConnectionManagerRequest", "result":"SYNC_SERVER_OK", "context":{"environment":"Prod_EastUS_000w", "migrationStage":"NotStarted", "server":"general0100001K"}}
{"logTime": "0809/143500", "correlationVector":"Snb+DzSI4cM4NDcjIkgsTb.2","action":"GetUpdates Response", "result":"SYNCER_OK", "context":Received 30 update(s). cV=Snb+DzSI4cM4NDcjIkgsTb.0;server=general0100001K;cloudType=Consumer;environment=Prod_EastUS_000w;migrationStage=NotStarted}
{"logTime": "0809/143500", "correlationVector":"xhrB0A8wPp5R7AeAMH5B7F","action":"Commit Request", "result":"", "context":Item count: 4
Contributing types: Sessions, User Consents}
{"logTime": "0809/143500", "correlationVector":"xhrB0A8wPp5R7AeAMH5B7F.1","action":"SyncServerConnectionManagerRequest", "result":"SYNC_SERVER_OK", "context":{"environment":"Prod_EastUS_000w", "migrationStage":"NotStarted", "server":"general0100000P"}}
{"logTime": "0809/143500", "correlationVector":"xhrB0A8wPp5R7AeAMH5B7F.3","action":"Commit.Sessions", "result":"Success", "context":{"id":"fc85adf1-d72d-4df0-94cb-4f543a5bc9e7", "isDeleted":"true", "size":"0", "version":"1691587551030"}}
{"logTime": "0809/143500", "correlationVector":"xhrB0A8wPp5R7AeAMH5B7F.2","action":"Commit Response", "result":"SYNCER_OK", "context":Result: SYNCER_OK. cV=xhrB0A8wPp5R7AeAMH5B7F.0;server=general0100000P;cloudType=Consumer;environment=Prod_EastUS_000w;migrationStage=NotStarted}
{"logTime": "0809/143500", "correlationVector":"EZTFDGpFLLgl4NkiaL4w8w","action":"Normal GetUpdate request", "result":"", "context":cV=EZTFDGpFLLgl4NkiaL4w8w
Nudged types: Sessions
Refresh requested types: Bookmarks, Preferences, Passwords, Autofill Profiles, Autofill, Autofill Custom Data, Typed URLs, Extensions, Sessions, Extension settings, History Delete Directives, Device Info, User Consents, Send Tab To Self, Web Apps, Collection, Edge E Drop, Edge Hub App Usage, Encryption Keys}
{"logTime": "0809/143500", "correlationVector":"EZTFDGpFLLgl4NkiaL4w8w.1","action":"SyncServerConnectionManagerRequest", "result":"SYNC_SERVER_OK", "context":{"environment":"Prod_EastUS_000w", "migrationStage":"NotStarted", "server":"general0100001J"}}
{"logTime": "0809/143500", "correlationVector":"EZTFDGpFLLgl4NkiaL4w8w.2","action":"GetUpdates", "result":"DeleteReceived", "context":{"id":"fc85adf1-d72d-4df0-94cb-4f543a5bc9e7", "isDeleted:":"true", "version":"1691591665818"}}
{"logTime": "0809/143500", "correlationVector":"EZTFDGpFLLgl4NkiaL4w8w.3","action":"GetUpdates Response", "result":"SYNCER_OK", "context":Received 3 update(s). cV=EZTFDGpFLLgl4NkiaL4w8w.0;server=general0100001J;cloudType=Consumer;environment=Prod_EastUS_000w;migrationStage=NotStarted}
{"logTime": "0809/143501", "correlationVector":"uawwqwnB0T3Ae6q1vQ/trh","action":"Normal GetUpdate request", "result":"", "context":cV=uawwqwnB0T3Ae6q1vQ/trh
Nudged types: Passwords, Sessions}
{"logTime": "0809/143501", "correlationVector":"uawwqwnB0T3Ae6q1vQ/trh.1","action":"SyncServerConnectionManagerRequest", "result":"SYNC_SERVER_OK", "context":{"environment":"Prod_EastUS_000w", "migrationStage":"NotStarted", "server":"general0100000A"}}
{"logTime": "0809/143501", "correlationVector":"uawwqwnB0T3Ae6q1vQ/trh.2","action":"GetUpdates Response", "result":"SYNCER_OK", "context":Received 0 update(s). cV=uawwqwnB0T3Ae6q1vQ/trh.0;server=general0100000A;cloudType=Consumer;environment=Prod_EastUS_000w;migrationStage=NotStarted}
{"logTime": "0809/143501", "correlationVector":"IKo2HRGsqRhFqzO5pSFCJ4","action":"Commit Request", "result":"", "context":Item count: 4
Contributing types: Passwords, Sessions}
{"logTime": "0809/143502", "correlationVector":"IKo2HRGsqRhFqzO5pSFCJ4.1","action":"SyncServerConnectionManagerRequest", "result":"SYNC_SERVER_OK", "context":{"environment":"Prod_EastUS_000w", "migrationStage":"NotStarted", "server":"general0100000I"}}
{"logTime": "0809/143502", "correlationVector":"IKo2HRGsqRhFqzO5pSFCJ4.3","action":"Commit.Passwords", "result":"Success", "context":{"id":"68516cf0-8757-41d8-9023-715524f43032", "isDeleted":"true", "size":"0", "version":"1691066566130"}}
{"logTime": "0809/143502", "correlationVector":"IKo2HRGsqRhFqzO5pSFCJ4.2","action":"Commit Response", "result":"SYNCER_OK", "context":Result: SYNCER_OK. cV=IKo2HRGsqRhFqzO5pSFCJ4.0;server=general0100000I;cloudType=Consumer;environment=Prod_EastUS_000w;migrationStage=NotStarted}
